<?xml version="1.0" encoding="UTF-8"?>
<TestRun id="3f83c6d5-95ee-45dc-83a8-cc21b7c9ef7b" name="jerick@JERICK-DEBUG 2015-09-20 01:26:03" runUser="REDMOND\jerick" xmlns="http://microsoft.com/schemas/VisualStudio/TeamTest/2010">
  <Times creation="2015-09-20T01:26:03.6369418-07:00" queuing="2015-09-20T01:26:03.6369418-07:00" start="2015-09-20T01:26:03.6419391-07:00" finish="2015-09-20T01:26:07.9706346-07:00" />
  <TestSettings name="default" id="6f175cd3-9b2f-4b65-b3eb-1a7d6e5df1d5">
    <Execution>
      <TestTypeSpecific />
    </Execution>
    <Deployment runDeploymentRoot="jerick_JERICK-DEBUG 2015-09-20 01_26_03" />
    <Properties />
  </TestSettings>
  <Results>
    <UnitTestResult executionId="813f6421-b1c0-48f7-962f-4d1663bf1d79" testId="d462c53a-1744-7cc3-ae07-8b374f7d0810" testName="RacePutAndRemoveRef" computerName="JERICK-DEBUG" duration="00:01:25.4687857" startTime="2015-09-20T01:24:36.1571552-07:00" endTime="2015-09-20T01:26:02.1157983-07:00" testType="13cdc9d9-ddb5-4fa4-a97d-d965ccfc6d4b" outcome="Passed" testListId="8c84fa94-04c1-424b-9868-57a2d4851a1d" relativeResultsDirectory="813f6421-b1c0-48f7-962f-4d1663bf1d79">
      <Output>
        <StdOut>Initial Key Ranges
[0000000000000000,a93bc2cc10a445e2]=&gt;'crteststorage1'[0001/0001](a93bc2cc10a445e2)
[a93bc2cc10a445e3,beffbb75dcdb50c5]=&gt;'crteststorage1'[0000/0001](beffbb75dcdb50c5)
[beffbb75dcdb50c6,ffffffffffffffff]=&gt;'crteststorage1'[0001/0001](a93bc2cc10a445e2)

Migrating Ranges

Final Key Ranges
[0000000000000000,a93bc2cc10a445e2]=&gt;'crteststorage1'[0001/0001](a93bc2cc10a445e2)
[a93bc2cc10a445e3,beffbb75dcdb50c5]=&gt;'crteststorage1'[0000/0001](beffbb75dcdb50c5)
[beffbb75dcdb50c6,ffffffffffffffff]=&gt;'crteststorage1'[0001/0001](a93bc2cc10a445e2)</StdOut>
      </Output>
    </UnitTestResult>
    <UnitTestResult executionId="9786c910-7400-4b4a-8ac4-8546bb5f299d" testId="6e56bd79-865d-64e1-19f0-a8f47910cbb7" testName="RacePutAndRemoveRef" computerName="JERICK-DEBUG" duration="00:01:26.4338559" startTime="2015-09-20T01:24:36.1571552-07:00" endTime="2015-09-20T01:26:03.0548826-07:00" testType="13cdc9d9-ddb5-4fa4-a97d-d965ccfc6d4b" outcome="Passed" testListId="8c84fa94-04c1-424b-9868-57a2d4851a1d" relativeResultsDirectory="9786c910-7400-4b4a-8ac4-8546bb5f299d">
      <Output>
        <StdOut>Initial Key Ranges
[0000000000000000,a93bc2cc10a445e2]=&gt;'crteststorage1'[0001/0001](a93bc2cc10a445e2)
[a93bc2cc10a445e3,beffbb75dcdb50c5]=&gt;'crteststorage1'[0000/0001](beffbb75dcdb50c5)
[beffbb75dcdb50c6,ffffffffffffffff]=&gt;'crteststorage1'[0001/0001](a93bc2cc10a445e2)

Migrating Ranges

Final Key Ranges
[0000000000000000,a93bc2cc10a445e2]=&gt;'crteststorage1'[0001/0001](a93bc2cc10a445e2)
[a93bc2cc10a445e3,beffbb75dcdb50c5]=&gt;'crteststorage1'[0000/0001](beffbb75dcdb50c5)
[beffbb75dcdb50c6,ffffffffffffffff]=&gt;'crteststorage1'[0001/0001](a93bc2cc10a445e2)</StdOut>
      </Output>
    </UnitTestResult>
    <UnitTestResult executionId="115bf28e-1e09-4b5d-8003-4d04c68236ed" testId="e67cd4fb-2705-ba86-f550-699ae079a2b6" testName="RacePutAndRemoveRef" computerName="JERICK-DEBUG" duration="00:01:27.2117617" startTime="2015-09-20T01:24:36.1581553-07:00" endTime="2015-09-20T01:26:03.8328785-07:00" testType="13cdc9d9-ddb5-4fa4-a97d-d965ccfc6d4b" outcome="Passed" testListId="8c84fa94-04c1-424b-9868-57a2d4851a1d" relativeResultsDirectory="115bf28e-1e09-4b5d-8003-4d04c68236ed">
      <Output>
        <StdOut>Initial Key Ranges
[0000000000000000,a93bc2cc10a445e2]=&gt;'crteststorage1'[0001/0001](a93bc2cc10a445e2)
[a93bc2cc10a445e3,beffbb75dcdb50c5]=&gt;'crteststorage1'[0000/0001](beffbb75dcdb50c5)
[beffbb75dcdb50c6,ffffffffffffffff]=&gt;'crteststorage1'[0001/0001](a93bc2cc10a445e2)

Migrating Ranges

Final Key Ranges
[0000000000000000,a93bc2cc10a445e2]=&gt;'crteststorage1'[0001/0001](a93bc2cc10a445e2)
[a93bc2cc10a445e3,beffbb75dcdb50c5]=&gt;'crteststorage1'[0000/0001](beffbb75dcdb50c5)
[beffbb75dcdb50c6,ffffffffffffffff]=&gt;'crteststorage1'[0001/0001](a93bc2cc10a445e2)</StdOut>
      </Output>
    </UnitTestResult>
    <UnitTestResult executionId="7b32d5c9-d299-487d-82e1-2a9063d229ce" testId="7faa7f9b-4702-50c0-ff7b-491534a1aa22" testName="RacePutAndRemoveRef" computerName="JERICK-DEBUG" duration="00:01:28.0722214" startTime="2015-09-20T01:24:36.1591555-07:00" endTime="2015-09-20T01:26:04.6933632-07:00" testType="13cdc9d9-ddb5-4fa4-a97d-d965ccfc6d4b" outcome="Passed" testListId="8c84fa94-04c1-424b-9868-57a2d4851a1d" relativeResultsDirectory="7b32d5c9-d299-487d-82e1-2a9063d229ce">
      <Output>
        <StdOut>Initial Key Ranges
[0000000000000000,a93bc2cc10a445e2]=&gt;'crteststorage1'[0001/0001](a93bc2cc10a445e2)
[a93bc2cc10a445e3,beffbb75dcdb50c5]=&gt;'crteststorage1'[0000/0001](beffbb75dcdb50c5)
[beffbb75dcdb50c6,ffffffffffffffff]=&gt;'crteststorage1'[0001/0001](a93bc2cc10a445e2)

Migrating Ranges

Final Key Ranges
[0000000000000000,a93bc2cc10a445e2]=&gt;'crteststorage1'[0001/0001](a93bc2cc10a445e2)
[a93bc2cc10a445e3,beffbb75dcdb50c5]=&gt;'crteststorage1'[0000/0001](beffbb75dcdb50c5)
[beffbb75dcdb50c6,ffffffffffffffff]=&gt;'crteststorage1'[0001/0001](a93bc2cc10a445e2)</StdOut>
      </Output>
    </UnitTestResult>
    <UnitTestResult executionId="897944fb-6c96-49c3-a037-b66d6ed6e5fb" testId="12481cf1-7455-4710-7a10-f1bb4f40b9ef" testName="RacePutAndRemoveRef" computerName="JERICK-DEBUG" duration="00:01:28.0842150" startTime="2015-09-20T01:24:36.1571552-07:00" endTime="2015-09-20T01:26:04.7053679-07:00" testType="13cdc9d9-ddb5-4fa4-a97d-d965ccfc6d4b" outcome="Passed" testListId="8c84fa94-04c1-424b-9868-57a2d4851a1d" relativeResultsDirectory="897944fb-6c96-49c3-a037-b66d6ed6e5fb">
      <Output>
        <StdOut>Initial Key Ranges
[0000000000000000,a93bc2cc10a445e2]=&gt;'crteststorage1'[0001/0001](a93bc2cc10a445e2)
[a93bc2cc10a445e3,beffbb75dcdb50c5]=&gt;'crteststorage1'[0000/0001](beffbb75dcdb50c5)
[beffbb75dcdb50c6,ffffffffffffffff]=&gt;'crteststorage1'[0001/0001](a93bc2cc10a445e2)

Migrating Ranges

Final Key Ranges
[0000000000000000,a93bc2cc10a445e2]=&gt;'crteststorage1'[0001/0001](a93bc2cc10a445e2)
[a93bc2cc10a445e3,beffbb75dcdb50c5]=&gt;'crteststorage1'[0000/0001](beffbb75dcdb50c5)
[beffbb75dcdb50c6,ffffffffffffffff]=&gt;'crteststorage1'[0001/0001](a93bc2cc10a445e2)</StdOut>
      </Output>
    </UnitTestResult>
    <UnitTestResult executionId="44b60ea4-7a6b-45fa-9cef-3d93d514a2d1" testId="5fee29a3-664b-6067-26ff-9f54bbe7090e" testName="RacePutAndRemoveRef" computerName="JERICK-DEBUG" duration="00:01:28.1491431" startTime="2015-09-20T01:24:36.1571552-07:00" endTime="2015-09-20T01:26:04.7702705-07:00" testType="13cdc9d9-ddb5-4fa4-a97d-d965ccfc6d4b" outcome="Passed" testListId="8c84fa94-04c1-424b-9868-57a2d4851a1d" relativeResultsDirectory="44b60ea4-7a6b-45fa-9cef-3d93d514a2d1">
      <Output>
        <StdOut>Initial Key Ranges
[0000000000000000,a93bc2cc10a445e2]=&gt;'crteststorage1'[0001/0001](a93bc2cc10a445e2)
[a93bc2cc10a445e3,beffbb75dcdb50c5]=&gt;'crteststorage1'[0000/0001](beffbb75dcdb50c5)
[beffbb75dcdb50c6,ffffffffffffffff]=&gt;'crteststorage1'[0001/0001](a93bc2cc10a445e2)

Migrating Ranges

Final Key Ranges
[0000000000000000,a93bc2cc10a445e2]=&gt;'crteststorage1'[0001/0001](a93bc2cc10a445e2)
[a93bc2cc10a445e3,beffbb75dcdb50c5]=&gt;'crteststorage1'[0000/0001](beffbb75dcdb50c5)
[beffbb75dcdb50c6,ffffffffffffffff]=&gt;'crteststorage1'[0001/0001](a93bc2cc10a445e2)</StdOut>
      </Output>
    </UnitTestResult>
    <UnitTestResult executionId="f4da3906-f1ae-4b57-b6dc-9a075c6ec2a3" testId="b8159cc6-344a-6c9e-23f9-3a418274c9a6" testName="RacePutAndRemoveRef" computerName="JERICK-DEBUG" duration="00:01:28.1705396" startTime="2015-09-20T01:24:36.1571552-07:00" endTime="2015-09-20T01:26:04.7912762-07:00" testType="13cdc9d9-ddb5-4fa4-a97d-d965ccfc6d4b" outcome="Passed" testListId="8c84fa94-04c1-424b-9868-57a2d4851a1d" relativeResultsDirectory="f4da3906-f1ae-4b57-b6dc-9a075c6ec2a3">
      <Output>
        <StdOut>Initial Key Ranges
[0000000000000000,a93bc2cc10a445e2]=&gt;'crteststorage1'[0001/0001](a93bc2cc10a445e2)
[a93bc2cc10a445e3,beffbb75dcdb50c5]=&gt;'crteststorage1'[0000/0001](beffbb75dcdb50c5)
[beffbb75dcdb50c6,ffffffffffffffff]=&gt;'crteststorage1'[0001/0001](a93bc2cc10a445e2)

Migrating Ranges

Final Key Ranges
[0000000000000000,a93bc2cc10a445e2]=&gt;'crteststorage1'[0001/0001](a93bc2cc10a445e2)
[a93bc2cc10a445e3,beffbb75dcdb50c5]=&gt;'crteststorage1'[0000/0001](beffbb75dcdb50c5)
[beffbb75dcdb50c6,ffffffffffffffff]=&gt;'crteststorage1'[0001/0001](a93bc2cc10a445e2)</StdOut>
      </Output>
    </UnitTestResult>
    <UnitTestResult executionId="06ffbd76-e4e1-4647-a108-e4327216a631" testId="f3099256-bb2c-cc17-9f10-9e68cdcc0764" testName="RacePutAndRemoveRef" computerName="JERICK-DEBUG" duration="00:01:28.2405987" startTime="2015-09-20T01:24:36.1571552-07:00" endTime="2015-09-20T01:26:04.8614983-07:00" testType="13cdc9d9-ddb5-4fa4-a97d-d965ccfc6d4b" outcome="Passed" testListId="8c84fa94-04c1-424b-9868-57a2d4851a1d" relativeResultsDirectory="06ffbd76-e4e1-4647-a108-e4327216a631">
      <Output>
        <StdOut>Initial Key Ranges
[0000000000000000,a93bc2cc10a445e2]=&gt;'crteststorage1'[0001/0001](a93bc2cc10a445e2)
[a93bc2cc10a445e3,beffbb75dcdb50c5]=&gt;'crteststorage1'[0000/0001](beffbb75dcdb50c5)
[beffbb75dcdb50c6,ffffffffffffffff]=&gt;'crteststorage1'[0001/0001](a93bc2cc10a445e2)

Migrating Ranges

Final Key Ranges
[0000000000000000,a93bc2cc10a445e2]=&gt;'crteststorage1'[0001/0001](a93bc2cc10a445e2)
[a93bc2cc10a445e3,beffbb75dcdb50c5]=&gt;'crteststorage1'[0000/0001](beffbb75dcdb50c5)
[beffbb75dcdb50c6,ffffffffffffffff]=&gt;'crteststorage1'[0001/0001](a93bc2cc10a445e2)</StdOut>
      </Output>
    </UnitTestResult>
    <UnitTestResult executionId="c586b05c-6f59-433a-b3c8-0dd01744b360" testId="c1e6b25f-25d9-cb6a-a208-ba8b01bd50a4" testName="RacePutAndRemoveRef" computerName="JERICK-DEBUG" duration="00:01:28.4364899" startTime="2015-09-20T01:24:36.1581553-07:00" endTime="2015-09-20T01:26:05.0576296-07:00" testType="13cdc9d9-ddb5-4fa4-a97d-d965ccfc6d4b" outcome="Passed" testListId="8c84fa94-04c1-424b-9868-57a2d4851a1d" relativeResultsDirectory="c586b05c-6f59-433a-b3c8-0dd01744b360">
      <Output>
        <StdOut>Initial Key Ranges
[0000000000000000,a93bc2cc10a445e2]=&gt;'crteststorage1'[0001/0001](a93bc2cc10a445e2)
[a93bc2cc10a445e3,beffbb75dcdb50c5]=&gt;'crteststorage1'[0000/0001](beffbb75dcdb50c5)
[beffbb75dcdb50c6,ffffffffffffffff]=&gt;'crteststorage1'[0001/0001](a93bc2cc10a445e2)

Migrating Ranges

Final Key Ranges
[0000000000000000,a93bc2cc10a445e2]=&gt;'crteststorage1'[0001/0001](a93bc2cc10a445e2)
[a93bc2cc10a445e3,beffbb75dcdb50c5]=&gt;'crteststorage1'[0000/0001](beffbb75dcdb50c5)
[beffbb75dcdb50c6,ffffffffffffffff]=&gt;'crteststorage1'[0001/0001](a93bc2cc10a445e2)</StdOut>
      </Output>
    </UnitTestResult>
    <UnitTestResult executionId="33ad694b-069e-4edb-a9eb-6968ff58ea02" testId="836b3c16-7665-2572-3f85-38231c175bff" testName="RacePutAndRemoveRef" computerName="JERICK-DEBUG" duration="00:01:29.2371101" startTime="2015-09-20T01:24:36.1571552-07:00" endTime="2015-09-20T01:26:05.8588785-07:00" testType="13cdc9d9-ddb5-4fa4-a97d-d965ccfc6d4b" outcome="Passed" testListId="8c84fa94-04c1-424b-9868-57a2d4851a1d" relativeResultsDirectory="33ad694b-069e-4edb-a9eb-6968ff58ea02">
      <Output>
        <StdOut>Initial Key Ranges
[0000000000000000,a93bc2cc10a445e2]=&gt;'crteststorage1'[0001/0001](a93bc2cc10a445e2)
[a93bc2cc10a445e3,beffbb75dcdb50c5]=&gt;'crteststorage1'[0000/0001](beffbb75dcdb50c5)
[beffbb75dcdb50c6,ffffffffffffffff]=&gt;'crteststorage1'[0001/0001](a93bc2cc10a445e2)

Migrating Ranges

Final Key Ranges
[0000000000000000,a93bc2cc10a445e2]=&gt;'crteststorage1'[0001/0001](a93bc2cc10a445e2)
[a93bc2cc10a445e3,beffbb75dcdb50c5]=&gt;'crteststorage1'[0000/0001](beffbb75dcdb50c5)
[beffbb75dcdb50c6,ffffffffffffffff]=&gt;'crteststorage1'[0001/0001](a93bc2cc10a445e2)</StdOut>
      </Output>
    </UnitTestResult>
    <UnitTestResult executionId="2fe8f44b-89cc-4ea3-bf14-0d7ff8b66aba" testId="ee6f6197-8d67-150a-6767-af946a2ce1a4" testName="RacePutAndRemoveRef" computerName="JERICK-DEBUG" duration="00:01:29.4673197" startTime="2015-09-20T01:24:36.1571552-07:00" endTime="2015-09-20T01:26:06.0881890-07:00" testType="13cdc9d9-ddb5-4fa4-a97d-d965ccfc6d4b" outcome="Passed" testListId="8c84fa94-04c1-424b-9868-57a2d4851a1d" relativeResultsDirectory="2fe8f44b-89cc-4ea3-bf14-0d7ff8b66aba">
      <Output>
        <StdOut>Initial Key Ranges
[0000000000000000,a93bc2cc10a445e2]=&gt;'crteststorage1'[0001/0001](a93bc2cc10a445e2)
[a93bc2cc10a445e3,beffbb75dcdb50c5]=&gt;'crteststorage1'[0000/0001](beffbb75dcdb50c5)
[beffbb75dcdb50c6,ffffffffffffffff]=&gt;'crteststorage1'[0001/0001](a93bc2cc10a445e2)

Migrating Ranges

Final Key Ranges
[0000000000000000,a93bc2cc10a445e2]=&gt;'crteststorage1'[0001/0001](a93bc2cc10a445e2)
[a93bc2cc10a445e3,beffbb75dcdb50c5]=&gt;'crteststorage1'[0000/0001](beffbb75dcdb50c5)
[beffbb75dcdb50c6,ffffffffffffffff]=&gt;'crteststorage1'[0001/0001](a93bc2cc10a445e2)</StdOut>
      </Output>
    </UnitTestResult>
    <UnitTestResult executionId="0bd260ba-d4b7-4f50-ae6a-18150dae41be" testId="dc26e5ce-3411-c7c2-ecbc-fba46c19ac22" testName="RacePutAndRemoveRef" computerName="JERICK-DEBUG" duration="00:01:29.8858107" startTime="2015-09-20T01:24:36.1571552-07:00" endTime="2015-09-20T01:26:06.5093642-07:00" testType="13cdc9d9-ddb5-4fa4-a97d-d965ccfc6d4b" outcome="Passed" testListId="8c84fa94-04c1-424b-9868-57a2d4851a1d" relativeResultsDirectory="0bd260ba-d4b7-4f50-ae6a-18150dae41be">
      <Output>
        <StdOut>Initial Key Ranges
[0000000000000000,a93bc2cc10a445e2]=&gt;'crteststorage1'[0001/0001](a93bc2cc10a445e2)
[a93bc2cc10a445e3,beffbb75dcdb50c5]=&gt;'crteststorage1'[0000/0001](beffbb75dcdb50c5)
[beffbb75dcdb50c6,ffffffffffffffff]=&gt;'crteststorage1'[0001/0001](a93bc2cc10a445e2)

Migrating Ranges

Final Key Ranges
[0000000000000000,a93bc2cc10a445e2]=&gt;'crteststorage1'[0001/0001](a93bc2cc10a445e2)
[a93bc2cc10a445e3,beffbb75dcdb50c5]=&gt;'crteststorage1'[0000/0001](beffbb75dcdb50c5)
[beffbb75dcdb50c6,ffffffffffffffff]=&gt;'crteststorage1'[0001/0001](a93bc2cc10a445e2)</StdOut>
      </Output>
    </UnitTestResult>
    <UnitTestResult executionId="060386ad-291c-48c5-885f-83f4c71119fd" testId="443db2cd-c77d-3596-095d-d9bbfc4a7038" testName="RacePutAndRemoveRef" computerName="JERICK-DEBUG" duration="00:01:30.7314732" startTime="2015-09-20T01:24:36.1581553-07:00" endTime="2015-09-20T01:26:07.3525822-07:00" testType="13cdc9d9-ddb5-4fa4-a97d-d965ccfc6d4b" outcome="Passed" testListId="8c84fa94-04c1-424b-9868-57a2d4851a1d" relativeResultsDirectory="060386ad-291c-48c5-885f-83f4c71119fd">
      <Output>
        <StdOut>Initial Key Ranges
[0000000000000000,a93bc2cc10a445e2]=&gt;'crteststorage1'[0001/0001](a93bc2cc10a445e2)
[a93bc2cc10a445e3,beffbb75dcdb50c5]=&gt;'crteststorage1'[0000/0001](beffbb75dcdb50c5)
[beffbb75dcdb50c6,ffffffffffffffff]=&gt;'crteststorage1'[0001/0001](a93bc2cc10a445e2)

Migrating Ranges

Final Key Ranges
[0000000000000000,a93bc2cc10a445e2]=&gt;'crteststorage1'[0001/0001](a93bc2cc10a445e2)
[a93bc2cc10a445e3,beffbb75dcdb50c5]=&gt;'crteststorage1'[0000/0001](beffbb75dcdb50c5)
[beffbb75dcdb50c6,ffffffffffffffff]=&gt;'crteststorage1'[0001/0001](a93bc2cc10a445e2)</StdOut>
      </Output>
    </UnitTestResult>
  </Results>
  <TestDefinitions>
    <UnitTest name="RacePutAndRemoveRef" storage="microsoft.visualstudio.services.blobstore.server.l0.tests.dll" id="d462c53a-1744-7cc3-ae07-8b374f7d0810">
      <Execution id="813f6421-b1c0-48f7-962f-4d1663bf1d79" />
      <TestMethod codeBase="Microsoft.VisualStudio.Services.BlobStore.Server.L0.Tests.dll" adapterTypeName="Microsoft.VisualStudio.TestTools.TestTypes.Unit.UnitTestAdapter" className="Microsoft.VisualStudio.Services.BlobStore.Server.L0.Tests.LiveAzureBlobBlobStoreServiceTestsBug0" name="RacePutAndRemoveRef" />
    </UnitTest>
    <UnitTest name="RacePutAndRemoveRef" storage="microsoft.visualstudio.services.blobstore.server.l0.tests.dll" id="6e56bd79-865d-64e1-19f0-a8f47910cbb7">
      <Execution id="9786c910-7400-4b4a-8ac4-8546bb5f299d" />
      <TestMethod codeBase="Microsoft.VisualStudio.Services.BlobStore.Server.L0.Tests.dll" adapterTypeName="Microsoft.VisualStudio.TestTools.TestTypes.Unit.UnitTestAdapter" className="Microsoft.VisualStudio.Services.BlobStore.Server.L0.Tests.LiveAzureBlobBlobStoreServiceTestsBug7" name="RacePutAndRemoveRef" />
    </UnitTest>
    <UnitTest name="RacePutAndRemoveRef" storage="microsoft.visualstudio.services.blobstore.server.l0.tests.dll" id="e67cd4fb-2705-ba86-f550-699ae079a2b6">
      <Execution id="115bf28e-1e09-4b5d-8003-4d04c68236ed" />
      <TestMethod codeBase="Microsoft.VisualStudio.Services.BlobStore.Server.L0.Tests.dll" adapterTypeName="Microsoft.VisualStudio.TestTools.TestTypes.Unit.UnitTestAdapter" className="Microsoft.VisualStudio.Services.BlobStore.Server.L0.Tests.LiveAzureBlobBlobStoreServiceTests" name="RacePutAndRemoveRef" />
    </UnitTest>
    <UnitTest name="RacePutAndRemoveRef" storage="microsoft.visualstudio.services.blobstore.server.l0.tests.dll" id="7faa7f9b-4702-50c0-ff7b-491534a1aa22">
      <Execution id="7b32d5c9-d299-487d-82e1-2a9063d229ce" />
      <TestMethod codeBase="Microsoft.VisualStudio.Services.BlobStore.Server.L0.Tests.dll" adapterTypeName="Microsoft.VisualStudio.TestTools.TestTypes.Unit.UnitTestAdapter" className="Microsoft.VisualStudio.Services.BlobStore.Server.L0.Tests.LiveAzureBlobBlobStoreServiceTestsBug5" name="RacePutAndRemoveRef" />
    </UnitTest>
    <UnitTest name="RacePutAndRemoveRef" storage="microsoft.visualstudio.services.blobstore.server.l0.tests.dll" id="12481cf1-7455-4710-7a10-f1bb4f40b9ef">
      <Execution id="897944fb-6c96-49c3-a037-b66d6ed6e5fb" />
      <TestMethod codeBase="Microsoft.VisualStudio.Services.BlobStore.Server.L0.Tests.dll" adapterTypeName="Microsoft.VisualStudio.TestTools.TestTypes.Unit.UnitTestAdapter" className="Microsoft.VisualStudio.Services.BlobStore.Server.L0.Tests.LiveAzureBlobBlobStoreServiceTestsBug10" name="RacePutAndRemoveRef" />
    </UnitTest>
    <UnitTest name="RacePutAndRemoveRef" storage="microsoft.visualstudio.services.blobstore.server.l0.tests.dll" id="5fee29a3-664b-6067-26ff-9f54bbe7090e">
      <Execution id="44b60ea4-7a6b-45fa-9cef-3d93d514a2d1" />
      <TestMethod codeBase="Microsoft.VisualStudio.Services.BlobStore.Server.L0.Tests.dll" adapterTypeName="Microsoft.VisualStudio.TestTools.TestTypes.Unit.UnitTestAdapter" className="Microsoft.VisualStudio.Services.BlobStore.Server.L0.Tests.LiveAzureBlobBlobStoreServiceTestsBug1" name="RacePutAndRemoveRef" />
    </UnitTest>
    <UnitTest name="RacePutAndRemoveRef" storage="microsoft.visualstudio.services.blobstore.server.l0.tests.dll" id="b8159cc6-344a-6c9e-23f9-3a418274c9a6">
      <Execution id="f4da3906-f1ae-4b57-b6dc-9a075c6ec2a3" />
      <TestMethod codeBase="Microsoft.VisualStudio.Services.BlobStore.Server.L0.Tests.dll" adapterTypeName="Microsoft.VisualStudio.TestTools.TestTypes.Unit.UnitTestAdapter" className="Microsoft.VisualStudio.Services.BlobStore.Server.L0.Tests.LiveAzureBlobBlobStoreServiceTestsBug3" name="RacePutAndRemoveRef" />
    </UnitTest>
    <UnitTest name="RacePutAndRemoveRef" storage="microsoft.visualstudio.services.blobstore.server.l0.tests.dll" id="f3099256-bb2c-cc17-9f10-9e68cdcc0764">
      <Execution id="06ffbd76-e4e1-4647-a108-e4327216a631" />
      <TestMethod codeBase="Microsoft.VisualStudio.Services.BlobStore.Server.L0.Tests.dll" adapterTypeName="Microsoft.VisualStudio.TestTools.TestTypes.Unit.UnitTestAdapter" className="Microsoft.VisualStudio.Services.BlobStore.Server.L0.Tests.LiveAzureBlobBlobStoreServiceTestsBug2" name="RacePutAndRemoveRef" />
    </UnitTest>
    <UnitTest name="RacePutAndRemoveRef" storage="microsoft.visualstudio.services.blobstore.server.l0.tests.dll" id="c1e6b25f-25d9-cb6a-a208-ba8b01bd50a4">
      <Execution id="c586b05c-6f59-433a-b3c8-0dd01744b360" />
      <TestMethod codeBase="Microsoft.VisualStudio.Services.BlobStore.Server.L0.Tests.dll" adapterTypeName="Microsoft.VisualStudio.TestTools.TestTypes.Unit.UnitTestAdapter" className="Microsoft.VisualStudio.Services.BlobStore.Server.L0.Tests.LiveAzureBlobBlobStoreServiceTestsBug9" name="RacePutAndRemoveRef" />
    </UnitTest>
    <UnitTest name="RacePutAndRemoveRef" storage="microsoft.visualstudio.services.blobstore.server.l0.tests.dll" id="836b3c16-7665-2572-3f85-38231c175bff">
      <Execution id="33ad694b-069e-4edb-a9eb-6968ff58ea02" />
      <TestMethod codeBase="Microsoft.VisualStudio.Services.BlobStore.Server.L0.Tests.dll" adapterTypeName="Microsoft.VisualStudio.TestTools.TestTypes.Unit.UnitTestAdapter" className="Microsoft.VisualStudio.Services.BlobStore.Server.L0.Tests.LiveAzureBlobBlobStoreServiceTestsBug4" name="RacePutAndRemoveRef" />
    </UnitTest>
    <UnitTest name="RacePutAndRemoveRef" storage="microsoft.visualstudio.services.blobstore.server.l0.tests.dll" id="ee6f6197-8d67-150a-6767-af946a2ce1a4">
      <Execution id="2fe8f44b-89cc-4ea3-bf14-0d7ff8b66aba" />
      <TestMethod codeBase="Microsoft.VisualStudio.Services.BlobStore.Server.L0.Tests.dll" adapterTypeName="Microsoft.VisualStudio.TestTools.TestTypes.Unit.UnitTestAdapter" className="Microsoft.VisualStudio.Services.BlobStore.Server.L0.Tests.LiveAzureBlobBlobStoreServiceTestsBug8" name="RacePutAndRemoveRef" />
    </UnitTest>
    <UnitTest name="RacePutAndRemoveRef" storage="microsoft.visualstudio.services.blobstore.server.l0.tests.dll" id="dc26e5ce-3411-c7c2-ecbc-fba46c19ac22">
      <Execution id="0bd260ba-d4b7-4f50-ae6a-18150dae41be" />
      <TestMethod codeBase="Microsoft.VisualStudio.Services.BlobStore.Server.L0.Tests.dll" adapterTypeName="Microsoft.VisualStudio.TestTools.TestTypes.Unit.UnitTestAdapter" className="Microsoft.VisualStudio.Services.BlobStore.Server.L0.Tests.LiveAzureBlobBlobStoreServiceTestsBug6" name="RacePutAndRemoveRef" />
    </UnitTest>
    <UnitTest name="RacePutAndRemoveRef" storage="microsoft.visualstudio.services.blobstore.server.l0.tests.dll" id="443db2cd-c77d-3596-095d-d9bbfc4a7038">
      <Execution id="060386ad-291c-48c5-885f-83f4c71119fd" />
      <TestMethod codeBase="Microsoft.VisualStudio.Services.BlobStore.Server.L0.Tests.dll" adapterTypeName="Microsoft.VisualStudio.TestTools.TestTypes.Unit.UnitTestAdapter" className="Microsoft.VisualStudio.Services.BlobStore.Server.L0.Tests.LiveAzureBlobBlobStoreServiceTestsBug11" name="RacePutAndRemoveRef" />
    </UnitTest>
  </TestDefinitions>
  <TestEntries>
    <TestEntry testId="d462c53a-1744-7cc3-ae07-8b374f7d0810" executionId="813f6421-b1c0-48f7-962f-4d1663bf1d79" testListId="8c84fa94-04c1-424b-9868-57a2d4851a1d" />
    <TestEntry testId="6e56bd79-865d-64e1-19f0-a8f47910cbb7" executionId="9786c910-7400-4b4a-8ac4-8546bb5f299d" testListId="8c84fa94-04c1-424b-9868-57a2d4851a1d" />
    <TestEntry testId="e67cd4fb-2705-ba86-f550-699ae079a2b6" executionId="115bf28e-1e09-4b5d-8003-4d04c68236ed" testListId="8c84fa94-04c1-424b-9868-57a2d4851a1d" />
    <TestEntry testId="7faa7f9b-4702-50c0-ff7b-491534a1aa22" executionId="7b32d5c9-d299-487d-82e1-2a9063d229ce" testListId="8c84fa94-04c1-424b-9868-57a2d4851a1d" />
    <TestEntry testId="12481cf1-7455-4710-7a10-f1bb4f40b9ef" executionId="897944fb-6c96-49c3-a037-b66d6ed6e5fb" testListId="8c84fa94-04c1-424b-9868-57a2d4851a1d" />
    <TestEntry testId="5fee29a3-664b-6067-26ff-9f54bbe7090e" executionId="44b60ea4-7a6b-45fa-9cef-3d93d514a2d1" testListId="8c84fa94-04c1-424b-9868-57a2d4851a1d" />
    <TestEntry testId="b8159cc6-344a-6c9e-23f9-3a418274c9a6" executionId="f4da3906-f1ae-4b57-b6dc-9a075c6ec2a3" testListId="8c84fa94-04c1-424b-9868-57a2d4851a1d" />
    <TestEntry testId="f3099256-bb2c-cc17-9f10-9e68cdcc0764" executionId="06ffbd76-e4e1-4647-a108-e4327216a631" testListId="8c84fa94-04c1-424b-9868-57a2d4851a1d" />
    <TestEntry testId="c1e6b25f-25d9-cb6a-a208-ba8b01bd50a4" executionId="c586b05c-6f59-433a-b3c8-0dd01744b360" testListId="8c84fa94-04c1-424b-9868-57a2d4851a1d" />
    <TestEntry testId="836b3c16-7665-2572-3f85-38231c175bff" executionId="33ad694b-069e-4edb-a9eb-6968ff58ea02" testListId="8c84fa94-04c1-424b-9868-57a2d4851a1d" />
    <TestEntry testId="ee6f6197-8d67-150a-6767-af946a2ce1a4" executionId="2fe8f44b-89cc-4ea3-bf14-0d7ff8b66aba" testListId="8c84fa94-04c1-424b-9868-57a2d4851a1d" />
    <TestEntry testId="dc26e5ce-3411-c7c2-ecbc-fba46c19ac22" executionId="0bd260ba-d4b7-4f50-ae6a-18150dae41be" testListId="8c84fa94-04c1-424b-9868-57a2d4851a1d" />
    <TestEntry testId="443db2cd-c77d-3596-095d-d9bbfc4a7038" executionId="060386ad-291c-48c5-885f-83f4c71119fd" testListId="8c84fa94-04c1-424b-9868-57a2d4851a1d" />
  </TestEntries>
  <TestLists>
    <TestList name="Results Not in a List" id="8c84fa94-04c1-424b-9868-57a2d4851a1d" />
    <TestList name="All Loaded Results" id="19431567-8539-422a-85d7-44ee4e166bda" />
  </TestLists>
  <ResultSummary outcome="Completed">
    <Counters total="13" executed="13" passed="13" failed="0" error="0" timeout="0" aborted="0" inconclusive="0" passedButRunAborted="0" notRunnable="0" notExecuted="0" disconnected="0" warning="0" completed="0" inProgress="0" pending="0" />
    <RunInfos>
      <RunInfo computerName="JERICK-DEBUG" outcome="Warning" timestamp="2015-09-20T01:26:07.9256305-07:00">
        <Text>Warning: Test Run deployment issue: The assembly or module 'System.Web.WebPages' directly or indirectly referenced by the test container 'D:\src\Artifact2\bin\Debug.AnyCPU\BlobStore.Service.L0\MS.VS.Services.BlobStore.Server.L0.Tests\microsoft.visualstudio.services.blobstore.server.l0.tests.dll' was not found.</Text>
      </RunInfo>
    </RunInfos>
  </ResultSummary>
</TestRun>