<?xml version="1.0" encoding="UTF-8"?>
<TestRun id="a4ada411-df12-4b43-b837-4aa783c52fba" name="jerick@JERICK-DEBUG 2015-09-20 08:41:17" runUser="REDMOND\jerick" xmlns="http://microsoft.com/schemas/VisualStudio/TeamTest/2010">
  <Times creation="2015-09-20T08:41:17.5979023-07:00" queuing="2015-09-20T08:41:17.5979023-07:00" start="2015-09-20T08:41:17.6029054-07:00" finish="2015-09-20T08:41:35.2991342-07:00" />
  <TestSettings name="default" id="e0beb88f-2344-4185-8eca-71f6b2d76d7f">
    <Execution>
      <TestTypeSpecific />
    </Execution>
    <Deployment runDeploymentRoot="jerick_JERICK-DEBUG 2015-09-20 08_41_17" />
    <Properties />
  </TestSettings>
  <Results>
    <UnitTestResult executionId="c271a00f-9d24-4088-a518-22d32d688fbc" testId="5fee29a3-664b-6067-26ff-9f54bbe7090e" testName="RacePutAndRemoveRef" computerName="JERICK-DEBUG" duration="00:01:06.1117556" startTime="2015-09-20T08:40:09.6162610-07:00" endTime="2015-09-20T08:41:16.2110229-07:00" testType="13cdc9d9-ddb5-4fa4-a97d-d965ccfc6d4b" outcome="Failed" testListId="8c84fa94-04c1-424b-9868-57a2d4851a1d" relativeResultsDirectory="c271a00f-9d24-4088-a518-22d32d688fbc">
      <Output>
        <StdOut>Initial Key Ranges
[0000000000000000,a93bc2cc10a445e2]=&gt;'crteststorage1'[0001/0001](a93bc2cc10a445e2)
[a93bc2cc10a445e3,beffbb75dcdb50c5]=&gt;'crteststorage1'[0000/0001](beffbb75dcdb50c5)
[beffbb75dcdb50c6,ffffffffffffffff]=&gt;'crteststorage1'[0001/0001](a93bc2cc10a445e2)

Migrating Ranges

Final Key Ranges
[0000000000000000,a93bc2cc10a445e2]=&gt;'crteststorage1'[0001/0001](a93bc2cc10a445e2)
[a93bc2cc10a445e3,beffbb75dcdb50c5]=&gt;'crteststorage1'[0000/0001](beffbb75dcdb50c5)
[beffbb75dcdb50c6,ffffffffffffffff]=&gt;'crteststorage1'[0001/0001](a93bc2cc10a445e2)</StdOut>
        <ErrorInfo>
          <Message>Test method Microsoft.VisualStudio.Services.BlobStore.Server.L0.Tests.LiveAzureBlobBlobStoreServiceTestsBug1.RacePutAndRemoveRef threw exception: 
Microsoft.WindowsAzure.Storage.StorageException: Unexpected exception on ChainTable internal operation ---&gt; Microsoft.WindowsAzure.Storage.ChainTableInterface.ChainTableBatchException: 0: 0:The specified resource does not exist.
RequestId:f3088811-0002-0079-40ba-f3d389000000
Time:2015-09-20T15:40:37.4749262Z</Message>
          <StackTrace>    at Microsoft.VisualStudio.Services.Content.Server.Azure.TableAdapter.&lt;ExecuteBatchAsync&gt;d__5.MoveNext() in D:\src\Artifact2\src\ArtifactServices\ServiceShared\Server.Azure\ShardingAzureCloudTableClientFactory.cs:line 62
--- End of stack trace from previous location where exception was thrown ---
   at System.Runtime.CompilerServices.TaskAwaiter.ThrowForNonSuccess(Task task)
   at System.Runtime.CompilerServices.TaskAwaiter.HandleNonSuccessAndDebuggerNotification(Task task)
   at System.Runtime.CompilerServices.TaskAwaiter`1.GetResult()
   at Migration.MigratingTable.&lt;EnsurePartitionSwitchedAsync&gt;d__13.MoveNext() in D:\src\Artifact2\src\Kiwi\library\Migration\MigratingTable.cs:line 239
 --- End of inner exception stack trace ---
    at Migration.MigratingTable.&lt;EnsurePartitionSwitchedAsync&gt;d__13.MoveNext() in D:\src\Artifact2\src\Kiwi\library\Migration\MigratingTable.cs:line 247
--- End of stack trace from previous location where exception was thrown ---
   at System.Runtime.CompilerServices.TaskAwaiter.ThrowForNonSuccess(Task task)
   at System.Runtime.CompilerServices.TaskAwaiter.HandleNonSuccessAndDebuggerNotification(Task task)
   at System.Runtime.CompilerServices.TaskAwaiter.GetResult()
   at Migration.MigratingTable.&lt;ExecuteBatchOnNewTableAsync&gt;d__23.MoveNext() in D:\src\Artifact2\src\Kiwi\library\Migration\MigratingTable.cs:line 519
--- End of stack trace from previous location where exception was thrown ---
   at System.Runtime.CompilerServices.TaskAwaiter.ThrowForNonSuccess(Task task)
   at System.Runtime.CompilerServices.TaskAwaiter.HandleNonSuccessAndDebuggerNotification(Task task)
   at System.Runtime.CompilerServices.TaskAwaiter`1.GetResult()
   at Migration.MigratingTable.&lt;ExecuteBatchAsync&gt;d__24.MoveNext() in D:\src\Artifact2\src\Kiwi\library\Migration\MigratingTable.cs:line 619
--- End of stack trace from previous location where exception was thrown ---
   at System.Runtime.CompilerServices.TaskAwaiter.ThrowForNonSuccess(Task task)
   at System.Runtime.CompilerServices.TaskAwaiter.HandleNonSuccessAndDebuggerNotification(Task task)
   at System.Runtime.CompilerServices.ConfiguredTaskAwaitable`1.ConfiguredTaskAwaiter.GetResult()
   at Microsoft.VisualStudio.Services.BlobStore.AzureStorage.AzureTableBlobMetadataProvider.&lt;CreateTableWhileNotFoundExceptionAsync&gt;d__15`1.MoveNext() in D:\src\Artifact2\src\BlobStore\Service\Storage\AzureTableBlobMetadataProvider.cs:line 323
--- End of stack trace from previous location where exception was thrown ---
   at System.Runtime.CompilerServices.TaskAwaiter.ThrowForNonSuccess(Task task)
   at System.Runtime.CompilerServices.TaskAwaiter.HandleNonSuccessAndDebuggerNotification(Task task)
   at System.Runtime.CompilerServices.ConfiguredTaskAwaitable`1.ConfiguredTaskAwaiter.GetResult()
   at Microsoft.VisualStudio.Services.BlobStore.AzureStorage.AzureTableBlobMetadataProvider.&lt;RunBatchOperationAsync&gt;d__19.MoveNext() in D:\src\Artifact2\src\BlobStore\Service\Storage\AzureTableBlobMetadataProvider.cs:line 522
--- End of stack trace from previous location where exception was thrown ---
   at System.Runtime.CompilerServices.TaskAwaiter.ThrowForNonSuccess(Task task)
   at System.Runtime.CompilerServices.TaskAwaiter.HandleNonSuccessAndDebuggerNotification(Task task)
   at System.Runtime.CompilerServices.ConfiguredTaskAwaitable`1.ConfiguredTaskAwaiter.GetResult()
   at Microsoft.VisualStudio.Services.BlobStore.AzureStorage.AzureTableBlobMetadataProvider.&lt;TryReferenceAsyncInternal&gt;d__17.MoveNext() in D:\src\Artifact2\src\BlobStore\Service\Storage\AzureTableBlobMetadataProvider.cs:line 412
--- End of stack trace from previous location where exception was thrown ---
   at System.Runtime.CompilerServices.TaskAwaiter.ThrowForNonSuccess(Task task)
   at System.Runtime.CompilerServices.TaskAwaiter.HandleNonSuccessAndDebuggerNotification(Task task)
   at System.Runtime.CompilerServices.ConfiguredTaskAwaitable`1.ConfiguredTaskAwaiter.GetResult()
   at Microsoft.VisualStudio.Services.BlobStore.Server.PlatformBlobStore.&lt;&gt;c__DisplayClass24_1.&lt;&lt;TryReference&gt;b__2&gt;d.MoveNext() in D:\src\Artifact2\src\BlobStore\Service\Server\PlatformBlobStore.cs:line 249
--- End of stack trace from previous location where exception was thrown ---
   at System.Runtime.CompilerServices.TaskAwaiter.ThrowForNonSuccess(Task task)
   at System.Runtime.CompilerServices.TaskAwaiter.HandleNonSuccessAndDebuggerNotification(Task task)
   at System.Runtime.CompilerServices.TaskAwaiter.GetResult()
   at Microsoft.VisualStudio.Services.BlobStore.Common.TaskSafety.SyncResultOnThreadPool(Func`1 taskFunc) in D:\src\Artifact2\src\ArtifactServices\Shared\BlobStore.Common\TaskExtensions.cs:line 14
   at Microsoft.VisualStudio.Services.BlobStore.Server.PlatformBlobStore.TryReference(IVssRequestContext requestContext, IDictionary`2 referenceIdsGroupedByBlobIds) in D:\src\Artifact2\src\BlobStore\Service\Server\PlatformBlobStore.cs:line 271
   at Microsoft.VisualStudio.Services.BlobStore.Server.Common.BlobStoreExtensions.TryReference(IBlobStore blobStore, IVssRequestContext requestContext, BlobIdentifier blobId, String referenceId) in D:\src\Artifact2\src\BlobStore\ServiceShared\Server.Common\BlobStoreExtensions.cs:line 12
   at Microsoft.VisualStudio.Services.BlobStore.Server.L0.Tests.BlobStoreServiceTests`1.&lt;&gt;c__DisplayClass24_1.&lt;&lt;RacePutAndRemoveRefIteration&gt;b__3&gt;d.MoveNext() in D:\src\Artifact2\src\BlobStore\Service\Server.L0.Tests\BlobStoreServiceTests.cs:line 627
--- End of stack trace from previous location where exception was thrown ---
   at System.Runtime.CompilerServices.TaskAwaiter.ThrowForNonSuccess(Task task)
   at System.Runtime.CompilerServices.TaskAwaiter.HandleNonSuccessAndDebuggerNotification(Task task)
   at System.Runtime.CompilerServices.TaskAwaiter.GetResult()
   at Microsoft.VisualStudio.Services.BlobStore.Server.L0.Tests.BlobStoreServiceTests`1.&lt;RacePutAndRemoveRefIteration&gt;d__24.MoveNext() in D:\src\Artifact2\src\BlobStore\Service\Server.L0.Tests\BlobStoreServiceTests.cs:line 660
--- End of stack trace from previous location where exception was thrown ---
   at System.Runtime.CompilerServices.TaskAwaiter.ThrowForNonSuccess(Task task)
   at System.Runtime.CompilerServices.TaskAwaiter.HandleNonSuccessAndDebuggerNotification(Task task)
   at System.Runtime.CompilerServices.ConfiguredTaskAwaitable.ConfiguredTaskAwaiter.GetResult()
   at Microsoft.VisualStudio.Services.BlobStore.Server.L0.Tests.BlobStoreServiceTests`1.&lt;RacePutAndRemoveRef&gt;d__13.MoveNext() in D:\src\Artifact2\src\BlobStore\Service\Server.L0.Tests\BlobStoreServiceTests.cs:line 486
--- End of stack trace from previous location where exception was thrown ---
   at System.Runtime.CompilerServices.TaskAwaiter.ThrowForNonSuccess(Task task)
   at System.Runtime.CompilerServices.TaskAwaiter.HandleNonSuccessAndDebuggerNotification(Task task)
   at System.Runtime.CompilerServices.TaskAwaiter.GetResult()
</StackTrace>
        </ErrorInfo>
      </Output>
    </UnitTestResult>
    <UnitTestResult executionId="a284c7d7-f6ff-4d15-93ac-b50add50bf9b" testId="f3099256-bb2c-cc17-9f10-9e68cdcc0764" testName="RacePutAndRemoveRef" computerName="JERICK-DEBUG" duration="00:01:20.2927509" startTime="2015-09-20T08:40:09.6162610-07:00" endTime="2015-09-20T08:41:30.3722903-07:00" testType="13cdc9d9-ddb5-4fa4-a97d-d965ccfc6d4b" outcome="Passed" testListId="8c84fa94-04c1-424b-9868-57a2d4851a1d" relativeResultsDirectory="a284c7d7-f6ff-4d15-93ac-b50add50bf9b">
      <Output>
        <StdOut>Initial Key Ranges
[0000000000000000,a93bc2cc10a445e2]=&gt;'crteststorage1'[0001/0001](a93bc2cc10a445e2)
[a93bc2cc10a445e3,beffbb75dcdb50c5]=&gt;'crteststorage1'[0000/0001](beffbb75dcdb50c5)
[beffbb75dcdb50c6,ffffffffffffffff]=&gt;'crteststorage1'[0001/0001](a93bc2cc10a445e2)

Migrating Ranges

Final Key Ranges
[0000000000000000,a93bc2cc10a445e2]=&gt;'crteststorage1'[0001/0001](a93bc2cc10a445e2)
[a93bc2cc10a445e3,beffbb75dcdb50c5]=&gt;'crteststorage1'[0000/0001](beffbb75dcdb50c5)
[beffbb75dcdb50c6,ffffffffffffffff]=&gt;'crteststorage1'[0001/0001](a93bc2cc10a445e2)</StdOut>
      </Output>
    </UnitTestResult>
    <UnitTestResult executionId="3b68c734-443e-4d91-bdda-b19fce0d74d0" testId="dc26e5ce-3411-c7c2-ecbc-fba46c19ac22" testName="RacePutAndRemoveRef" computerName="JERICK-DEBUG" duration="00:01:21.1501928" startTime="2015-09-20T08:40:09.6162610-07:00" endTime="2015-09-20T08:41:31.2289756-07:00" testType="13cdc9d9-ddb5-4fa4-a97d-d965ccfc6d4b" outcome="Passed" testListId="8c84fa94-04c1-424b-9868-57a2d4851a1d" relativeResultsDirectory="3b68c734-443e-4d91-bdda-b19fce0d74d0">
      <Output>
        <StdOut>Initial Key Ranges
[0000000000000000,a93bc2cc10a445e2]=&gt;'crteststorage1'[0001/0001](a93bc2cc10a445e2)
[a93bc2cc10a445e3,beffbb75dcdb50c5]=&gt;'crteststorage1'[0000/0001](beffbb75dcdb50c5)
[beffbb75dcdb50c6,ffffffffffffffff]=&gt;'crteststorage1'[0001/0001](a93bc2cc10a445e2)

Migrating Ranges

Final Key Ranges
[0000000000000000,a93bc2cc10a445e2]=&gt;'crteststorage1'[0001/0001](a93bc2cc10a445e2)
[a93bc2cc10a445e3,beffbb75dcdb50c5]=&gt;'crteststorage1'[0000/0001](beffbb75dcdb50c5)
[beffbb75dcdb50c6,ffffffffffffffff]=&gt;'crteststorage1'[0001/0001](a93bc2cc10a445e2)</StdOut>
      </Output>
    </UnitTestResult>
    <UnitTestResult executionId="88ede9df-ef02-45c4-9739-48929ef55d65" testId="c1e6b25f-25d9-cb6a-a208-ba8b01bd50a4" testName="RacePutAndRemoveRef" computerName="JERICK-DEBUG" duration="00:01:21.5423598" startTime="2015-09-20T08:40:09.6162610-07:00" endTime="2015-09-20T08:41:31.6230105-07:00" testType="13cdc9d9-ddb5-4fa4-a97d-d965ccfc6d4b" outcome="Passed" testListId="8c84fa94-04c1-424b-9868-57a2d4851a1d" relativeResultsDirectory="88ede9df-ef02-45c4-9739-48929ef55d65">
      <Output>
        <StdOut>Initial Key Ranges
[0000000000000000,a93bc2cc10a445e2]=&gt;'crteststorage1'[0001/0001](a93bc2cc10a445e2)
[a93bc2cc10a445e3,beffbb75dcdb50c5]=&gt;'crteststorage1'[0000/0001](beffbb75dcdb50c5)
[beffbb75dcdb50c6,ffffffffffffffff]=&gt;'crteststorage1'[0001/0001](a93bc2cc10a445e2)

Migrating Ranges

Final Key Ranges
[0000000000000000,a93bc2cc10a445e2]=&gt;'crteststorage1'[0001/0001](a93bc2cc10a445e2)
[a93bc2cc10a445e3,beffbb75dcdb50c5]=&gt;'crteststorage1'[0000/0001](beffbb75dcdb50c5)
[beffbb75dcdb50c6,ffffffffffffffff]=&gt;'crteststorage1'[0001/0001](a93bc2cc10a445e2)</StdOut>
      </Output>
    </UnitTestResult>
    <UnitTestResult executionId="fbc0322c-e105-48f7-8651-14395383c6fa" testId="12481cf1-7455-4710-7a10-f1bb4f40b9ef" testName="RacePutAndRemoveRef" computerName="JERICK-DEBUG" duration="00:01:21.5988397" startTime="2015-09-20T08:40:09.6162610-07:00" endTime="2015-09-20T08:41:31.6780212-07:00" testType="13cdc9d9-ddb5-4fa4-a97d-d965ccfc6d4b" outcome="Passed" testListId="8c84fa94-04c1-424b-9868-57a2d4851a1d" relativeResultsDirectory="fbc0322c-e105-48f7-8651-14395383c6fa">
      <Output>
        <StdOut>Initial Key Ranges
[0000000000000000,a93bc2cc10a445e2]=&gt;'crteststorage1'[0001/0001](a93bc2cc10a445e2)
[a93bc2cc10a445e3,beffbb75dcdb50c5]=&gt;'crteststorage1'[0000/0001](beffbb75dcdb50c5)
[beffbb75dcdb50c6,ffffffffffffffff]=&gt;'crteststorage1'[0001/0001](a93bc2cc10a445e2)

Migrating Ranges

Final Key Ranges
[0000000000000000,a93bc2cc10a445e2]=&gt;'crteststorage1'[0001/0001](a93bc2cc10a445e2)
[a93bc2cc10a445e3,beffbb75dcdb50c5]=&gt;'crteststorage1'[0000/0001](beffbb75dcdb50c5)
[beffbb75dcdb50c6,ffffffffffffffff]=&gt;'crteststorage1'[0001/0001](a93bc2cc10a445e2)</StdOut>
      </Output>
    </UnitTestResult>
    <UnitTestResult executionId="1a52dd36-caaa-4860-8692-432001ceff23" testId="e67cd4fb-2705-ba86-f550-699ae079a2b6" testName="RacePutAndRemoveRef" computerName="JERICK-DEBUG" duration="00:01:21.6036235" startTime="2015-09-20T08:40:09.6162610-07:00" endTime="2015-09-20T08:41:31.6820187-07:00" testType="13cdc9d9-ddb5-4fa4-a97d-d965ccfc6d4b" outcome="Passed" testListId="8c84fa94-04c1-424b-9868-57a2d4851a1d" relativeResultsDirectory="1a52dd36-caaa-4860-8692-432001ceff23">
      <Output>
        <StdOut>Initial Key Ranges
[0000000000000000,a93bc2cc10a445e2]=&gt;'crteststorage1'[0001/0001](a93bc2cc10a445e2)
[a93bc2cc10a445e3,beffbb75dcdb50c5]=&gt;'crteststorage1'[0000/0001](beffbb75dcdb50c5)
[beffbb75dcdb50c6,ffffffffffffffff]=&gt;'crteststorage1'[0001/0001](a93bc2cc10a445e2)

Migrating Ranges

Final Key Ranges
[0000000000000000,a93bc2cc10a445e2]=&gt;'crteststorage1'[0001/0001](a93bc2cc10a445e2)
[a93bc2cc10a445e3,beffbb75dcdb50c5]=&gt;'crteststorage1'[0000/0001](beffbb75dcdb50c5)
[beffbb75dcdb50c6,ffffffffffffffff]=&gt;'crteststorage1'[0001/0001](a93bc2cc10a445e2)</StdOut>
      </Output>
    </UnitTestResult>
    <UnitTestResult executionId="d7f85fd6-6783-459e-b527-afb3071a38b8" testId="443db2cd-c77d-3596-095d-d9bbfc4a7038" testName="RacePutAndRemoveRef" computerName="JERICK-DEBUG" duration="00:01:22.5222951" startTime="2015-09-20T08:40:09.6172612-07:00" endTime="2015-09-20T08:41:32.6023644-07:00" testType="13cdc9d9-ddb5-4fa4-a97d-d965ccfc6d4b" outcome="Passed" testListId="8c84fa94-04c1-424b-9868-57a2d4851a1d" relativeResultsDirectory="d7f85fd6-6783-459e-b527-afb3071a38b8">
      <Output>
        <StdOut>Initial Key Ranges
[0000000000000000,a93bc2cc10a445e2]=&gt;'crteststorage1'[0001/0001](a93bc2cc10a445e2)
[a93bc2cc10a445e3,beffbb75dcdb50c5]=&gt;'crteststorage1'[0000/0001](beffbb75dcdb50c5)
[beffbb75dcdb50c6,ffffffffffffffff]=&gt;'crteststorage1'[0001/0001](a93bc2cc10a445e2)

Migrating Ranges

Final Key Ranges
[0000000000000000,a93bc2cc10a445e2]=&gt;'crteststorage1'[0001/0001](a93bc2cc10a445e2)
[a93bc2cc10a445e3,beffbb75dcdb50c5]=&gt;'crteststorage1'[0000/0001](beffbb75dcdb50c5)
[beffbb75dcdb50c6,ffffffffffffffff]=&gt;'crteststorage1'[0001/0001](a93bc2cc10a445e2)</StdOut>
      </Output>
    </UnitTestResult>
    <UnitTestResult executionId="50c504ec-d387-43ad-b59a-9575f3cd5fd1" testId="7faa7f9b-4702-50c0-ff7b-491534a1aa22" testName="RacePutAndRemoveRef" computerName="JERICK-DEBUG" duration="00:01:22.6811026" startTime="2015-09-20T08:40:09.6172612-07:00" endTime="2015-09-20T08:41:32.7603805-07:00" testType="13cdc9d9-ddb5-4fa4-a97d-d965ccfc6d4b" outcome="Passed" testListId="8c84fa94-04c1-424b-9868-57a2d4851a1d" relativeResultsDirectory="50c504ec-d387-43ad-b59a-9575f3cd5fd1">
      <Output>
        <StdOut>Initial Key Ranges
[0000000000000000,a93bc2cc10a445e2]=&gt;'crteststorage1'[0001/0001](a93bc2cc10a445e2)
[a93bc2cc10a445e3,beffbb75dcdb50c5]=&gt;'crteststorage1'[0000/0001](beffbb75dcdb50c5)
[beffbb75dcdb50c6,ffffffffffffffff]=&gt;'crteststorage1'[0001/0001](a93bc2cc10a445e2)

Migrating Ranges

Final Key Ranges
[0000000000000000,a93bc2cc10a445e2]=&gt;'crteststorage1'[0001/0001](a93bc2cc10a445e2)
[a93bc2cc10a445e3,beffbb75dcdb50c5]=&gt;'crteststorage1'[0000/0001](beffbb75dcdb50c5)
[beffbb75dcdb50c6,ffffffffffffffff]=&gt;'crteststorage1'[0001/0001](a93bc2cc10a445e2)</StdOut>
      </Output>
    </UnitTestResult>
    <UnitTestResult executionId="e79676d9-d52b-48bc-b474-8bb6d6a64a66" testId="b8159cc6-344a-6c9e-23f9-3a418274c9a6" testName="RacePutAndRemoveRef" computerName="JERICK-DEBUG" duration="00:01:23.0915181" startTime="2015-09-20T08:40:09.6182614-07:00" endTime="2015-09-20T08:41:33.1724564-07:00" testType="13cdc9d9-ddb5-4fa4-a97d-d965ccfc6d4b" outcome="Passed" testListId="8c84fa94-04c1-424b-9868-57a2d4851a1d" relativeResultsDirectory="e79676d9-d52b-48bc-b474-8bb6d6a64a66">
      <Output>
        <StdOut>Initial Key Ranges
[0000000000000000,a93bc2cc10a445e2]=&gt;'crteststorage1'[0001/0001](a93bc2cc10a445e2)
[a93bc2cc10a445e3,beffbb75dcdb50c5]=&gt;'crteststorage1'[0000/0001](beffbb75dcdb50c5)
[beffbb75dcdb50c6,ffffffffffffffff]=&gt;'crteststorage1'[0001/0001](a93bc2cc10a445e2)

Migrating Ranges

Final Key Ranges
[0000000000000000,a93bc2cc10a445e2]=&gt;'crteststorage1'[0001/0001](a93bc2cc10a445e2)
[a93bc2cc10a445e3,beffbb75dcdb50c5]=&gt;'crteststorage1'[0000/0001](beffbb75dcdb50c5)
[beffbb75dcdb50c6,ffffffffffffffff]=&gt;'crteststorage1'[0001/0001](a93bc2cc10a445e2)</StdOut>
      </Output>
    </UnitTestResult>
    <UnitTestResult executionId="1a67f910-fddf-4c30-b706-ab75289ddec8" testId="d462c53a-1744-7cc3-ae07-8b374f7d0810" testName="RacePutAndRemoveRef" computerName="JERICK-DEBUG" duration="00:01:23.5474792" startTime="2015-09-20T08:40:09.6162610-07:00" endTime="2015-09-20T08:41:33.6276954-07:00" testType="13cdc9d9-ddb5-4fa4-a97d-d965ccfc6d4b" outcome="Passed" testListId="8c84fa94-04c1-424b-9868-57a2d4851a1d" relativeResultsDirectory="1a67f910-fddf-4c30-b706-ab75289ddec8">
      <Output>
        <StdOut>Initial Key Ranges
[0000000000000000,a93bc2cc10a445e2]=&gt;'crteststorage1'[0001/0001](a93bc2cc10a445e2)
[a93bc2cc10a445e3,beffbb75dcdb50c5]=&gt;'crteststorage1'[0000/0001](beffbb75dcdb50c5)
[beffbb75dcdb50c6,ffffffffffffffff]=&gt;'crteststorage1'[0001/0001](a93bc2cc10a445e2)

Migrating Ranges

Final Key Ranges
[0000000000000000,a93bc2cc10a445e2]=&gt;'crteststorage1'[0001/0001](a93bc2cc10a445e2)
[a93bc2cc10a445e3,beffbb75dcdb50c5]=&gt;'crteststorage1'[0000/0001](beffbb75dcdb50c5)
[beffbb75dcdb50c6,ffffffffffffffff]=&gt;'crteststorage1'[0001/0001](a93bc2cc10a445e2)</StdOut>
      </Output>
    </UnitTestResult>
    <UnitTestResult executionId="9a076091-918e-4925-bc87-5fcce8f2df04" testId="ee6f6197-8d67-150a-6767-af946a2ce1a4" testName="RacePutAndRemoveRef" computerName="JERICK-DEBUG" duration="00:01:24.0612721" startTime="2015-09-20T08:40:09.6162610-07:00" endTime="2015-09-20T08:41:34.1417127-07:00" testType="13cdc9d9-ddb5-4fa4-a97d-d965ccfc6d4b" outcome="Passed" testListId="8c84fa94-04c1-424b-9868-57a2d4851a1d" relativeResultsDirectory="9a076091-918e-4925-bc87-5fcce8f2df04">
      <Output>
        <StdOut>Initial Key Ranges
[0000000000000000,a93bc2cc10a445e2]=&gt;'crteststorage1'[0001/0001](a93bc2cc10a445e2)
[a93bc2cc10a445e3,beffbb75dcdb50c5]=&gt;'crteststorage1'[0000/0001](beffbb75dcdb50c5)
[beffbb75dcdb50c6,ffffffffffffffff]=&gt;'crteststorage1'[0001/0001](a93bc2cc10a445e2)

Migrating Ranges

Final Key Ranges
[0000000000000000,a93bc2cc10a445e2]=&gt;'crteststorage1'[0001/0001](a93bc2cc10a445e2)
[a93bc2cc10a445e3,beffbb75dcdb50c5]=&gt;'crteststorage1'[0000/0001](beffbb75dcdb50c5)
[beffbb75dcdb50c6,ffffffffffffffff]=&gt;'crteststorage1'[0001/0001](a93bc2cc10a445e2)</StdOut>
      </Output>
    </UnitTestResult>
    <UnitTestResult executionId="a261a3f2-ac46-4b4c-90d7-8d08b86f5048" testId="836b3c16-7665-2572-3f85-38231c175bff" testName="RacePutAndRemoveRef" computerName="JERICK-DEBUG" duration="00:01:24.1618651" startTime="2015-09-20T08:40:09.6182614-07:00" endTime="2015-09-20T08:41:34.2408763-07:00" testType="13cdc9d9-ddb5-4fa4-a97d-d965ccfc6d4b" outcome="Passed" testListId="8c84fa94-04c1-424b-9868-57a2d4851a1d" relativeResultsDirectory="a261a3f2-ac46-4b4c-90d7-8d08b86f5048">
      <Output>
        <StdOut>Initial Key Ranges
[0000000000000000,a93bc2cc10a445e2]=&gt;'crteststorage1'[0001/0001](a93bc2cc10a445e2)
[a93bc2cc10a445e3,beffbb75dcdb50c5]=&gt;'crteststorage1'[0000/0001](beffbb75dcdb50c5)
[beffbb75dcdb50c6,ffffffffffffffff]=&gt;'crteststorage1'[0001/0001](a93bc2cc10a445e2)

Migrating Ranges

Final Key Ranges
[0000000000000000,a93bc2cc10a445e2]=&gt;'crteststorage1'[0001/0001](a93bc2cc10a445e2)
[a93bc2cc10a445e3,beffbb75dcdb50c5]=&gt;'crteststorage1'[0000/0001](beffbb75dcdb50c5)
[beffbb75dcdb50c6,ffffffffffffffff]=&gt;'crteststorage1'[0001/0001](a93bc2cc10a445e2)</StdOut>
      </Output>
    </UnitTestResult>
    <UnitTestResult executionId="09313971-ea4f-42da-8d3b-3a778a3d471b" testId="6e56bd79-865d-64e1-19f0-a8f47910cbb7" testName="RacePutAndRemoveRef" computerName="JERICK-DEBUG" duration="00:01:24.4700086" startTime="2015-09-20T08:40:09.6162610-07:00" endTime="2015-09-20T08:41:34.5510657-07:00" testType="13cdc9d9-ddb5-4fa4-a97d-d965ccfc6d4b" outcome="Passed" testListId="8c84fa94-04c1-424b-9868-57a2d4851a1d" relativeResultsDirectory="09313971-ea4f-42da-8d3b-3a778a3d471b">
      <Output>
        <StdOut>Initial Key Ranges
[0000000000000000,a93bc2cc10a445e2]=&gt;'crteststorage1'[0001/0001](a93bc2cc10a445e2)
[a93bc2cc10a445e3,beffbb75dcdb50c5]=&gt;'crteststorage1'[0000/0001](beffbb75dcdb50c5)
[beffbb75dcdb50c6,ffffffffffffffff]=&gt;'crteststorage1'[0001/0001](a93bc2cc10a445e2)

Migrating Ranges

Final Key Ranges
[0000000000000000,a93bc2cc10a445e2]=&gt;'crteststorage1'[0001/0001](a93bc2cc10a445e2)
[a93bc2cc10a445e3,beffbb75dcdb50c5]=&gt;'crteststorage1'[0000/0001](beffbb75dcdb50c5)
[beffbb75dcdb50c6,ffffffffffffffff]=&gt;'crteststorage1'[0001/0001](a93bc2cc10a445e2)</StdOut>
      </Output>
    </UnitTestResult>
  </Results>
  <TestDefinitions>
    <UnitTest name="RacePutAndRemoveRef" storage="microsoft.visualstudio.services.blobstore.server.l0.tests.dll" id="5fee29a3-664b-6067-26ff-9f54bbe7090e">
      <Execution id="c271a00f-9d24-4088-a518-22d32d688fbc" />
      <TestMethod codeBase="Microsoft.VisualStudio.Services.BlobStore.Server.L0.Tests.dll" adapterTypeName="Microsoft.VisualStudio.TestTools.TestTypes.Unit.UnitTestAdapter" className="Microsoft.VisualStudio.Services.BlobStore.Server.L0.Tests.LiveAzureBlobBlobStoreServiceTestsBug1" name="RacePutAndRemoveRef" />
    </UnitTest>
    <UnitTest name="RacePutAndRemoveRef" storage="microsoft.visualstudio.services.blobstore.server.l0.tests.dll" id="f3099256-bb2c-cc17-9f10-9e68cdcc0764">
      <Execution id="a284c7d7-f6ff-4d15-93ac-b50add50bf9b" />
      <TestMethod codeBase="Microsoft.VisualStudio.Services.BlobStore.Server.L0.Tests.dll" adapterTypeName="Microsoft.VisualStudio.TestTools.TestTypes.Unit.UnitTestAdapter" className="Microsoft.VisualStudio.Services.BlobStore.Server.L0.Tests.LiveAzureBlobBlobStoreServiceTestsBug2" name="RacePutAndRemoveRef" />
    </UnitTest>
    <UnitTest name="RacePutAndRemoveRef" storage="microsoft.visualstudio.services.blobstore.server.l0.tests.dll" id="dc26e5ce-3411-c7c2-ecbc-fba46c19ac22">
      <Execution id="3b68c734-443e-4d91-bdda-b19fce0d74d0" />
      <TestMethod codeBase="Microsoft.VisualStudio.Services.BlobStore.Server.L0.Tests.dll" adapterTypeName="Microsoft.VisualStudio.TestTools.TestTypes.Unit.UnitTestAdapter" className="Microsoft.VisualStudio.Services.BlobStore.Server.L0.Tests.LiveAzureBlobBlobStoreServiceTestsBug6" name="RacePutAndRemoveRef" />
    </UnitTest>
    <UnitTest name="RacePutAndRemoveRef" storage="microsoft.visualstudio.services.blobstore.server.l0.tests.dll" id="c1e6b25f-25d9-cb6a-a208-ba8b01bd50a4">
      <Execution id="88ede9df-ef02-45c4-9739-48929ef55d65" />
      <TestMethod codeBase="Microsoft.VisualStudio.Services.BlobStore.Server.L0.Tests.dll" adapterTypeName="Microsoft.VisualStudio.TestTools.TestTypes.Unit.UnitTestAdapter" className="Microsoft.VisualStudio.Services.BlobStore.Server.L0.Tests.LiveAzureBlobBlobStoreServiceTestsBug9" name="RacePutAndRemoveRef" />
    </UnitTest>
    <UnitTest name="RacePutAndRemoveRef" storage="microsoft.visualstudio.services.blobstore.server.l0.tests.dll" id="12481cf1-7455-4710-7a10-f1bb4f40b9ef">
      <Execution id="fbc0322c-e105-48f7-8651-14395383c6fa" />
      <TestMethod codeBase="Microsoft.VisualStudio.Services.BlobStore.Server.L0.Tests.dll" adapterTypeName="Microsoft.VisualStudio.TestTools.TestTypes.Unit.UnitTestAdapter" className="Microsoft.VisualStudio.Services.BlobStore.Server.L0.Tests.LiveAzureBlobBlobStoreServiceTestsBug10" name="RacePutAndRemoveRef" />
    </UnitTest>
    <UnitTest name="RacePutAndRemoveRef" storage="microsoft.visualstudio.services.blobstore.server.l0.tests.dll" id="e67cd4fb-2705-ba86-f550-699ae079a2b6">
      <Execution id="1a52dd36-caaa-4860-8692-432001ceff23" />
      <TestMethod codeBase="Microsoft.VisualStudio.Services.BlobStore.Server.L0.Tests.dll" adapterTypeName="Microsoft.VisualStudio.TestTools.TestTypes.Unit.UnitTestAdapter" className="Microsoft.VisualStudio.Services.BlobStore.Server.L0.Tests.LiveAzureBlobBlobStoreServiceTests" name="RacePutAndRemoveRef" />
    </UnitTest>
    <UnitTest name="RacePutAndRemoveRef" storage="microsoft.visualstudio.services.blobstore.server.l0.tests.dll" id="443db2cd-c77d-3596-095d-d9bbfc4a7038">
      <Execution id="d7f85fd6-6783-459e-b527-afb3071a38b8" />
      <TestMethod codeBase="Microsoft.VisualStudio.Services.BlobStore.Server.L0.Tests.dll" adapterTypeName="Microsoft.VisualStudio.TestTools.TestTypes.Unit.UnitTestAdapter" className="Microsoft.VisualStudio.Services.BlobStore.Server.L0.Tests.LiveAzureBlobBlobStoreServiceTestsBug11" name="RacePutAndRemoveRef" />
    </UnitTest>
    <UnitTest name="RacePutAndRemoveRef" storage="microsoft.visualstudio.services.blobstore.server.l0.tests.dll" id="7faa7f9b-4702-50c0-ff7b-491534a1aa22">
      <Execution id="50c504ec-d387-43ad-b59a-9575f3cd5fd1" />
      <TestMethod codeBase="Microsoft.VisualStudio.Services.BlobStore.Server.L0.Tests.dll" adapterTypeName="Microsoft.VisualStudio.TestTools.TestTypes.Unit.UnitTestAdapter" className="Microsoft.VisualStudio.Services.BlobStore.Server.L0.Tests.LiveAzureBlobBlobStoreServiceTestsBug5" name="RacePutAndRemoveRef" />
    </UnitTest>
    <UnitTest name="RacePutAndRemoveRef" storage="microsoft.visualstudio.services.blobstore.server.l0.tests.dll" id="b8159cc6-344a-6c9e-23f9-3a418274c9a6">
      <Execution id="e79676d9-d52b-48bc-b474-8bb6d6a64a66" />
      <TestMethod codeBase="Microsoft.VisualStudio.Services.BlobStore.Server.L0.Tests.dll" adapterTypeName="Microsoft.VisualStudio.TestTools.TestTypes.Unit.UnitTestAdapter" className="Microsoft.VisualStudio.Services.BlobStore.Server.L0.Tests.LiveAzureBlobBlobStoreServiceTestsBug3" name="RacePutAndRemoveRef" />
    </UnitTest>
    <UnitTest name="RacePutAndRemoveRef" storage="microsoft.visualstudio.services.blobstore.server.l0.tests.dll" id="d462c53a-1744-7cc3-ae07-8b374f7d0810">
      <Execution id="1a67f910-fddf-4c30-b706-ab75289ddec8" />
      <TestMethod codeBase="Microsoft.VisualStudio.Services.BlobStore.Server.L0.Tests.dll" adapterTypeName="Microsoft.VisualStudio.TestTools.TestTypes.Unit.UnitTestAdapter" className="Microsoft.VisualStudio.Services.BlobStore.Server.L0.Tests.LiveAzureBlobBlobStoreServiceTestsBug0" name="RacePutAndRemoveRef" />
    </UnitTest>
    <UnitTest name="RacePutAndRemoveRef" storage="microsoft.visualstudio.services.blobstore.server.l0.tests.dll" id="ee6f6197-8d67-150a-6767-af946a2ce1a4">
      <Execution id="9a076091-918e-4925-bc87-5fcce8f2df04" />
      <TestMethod codeBase="Microsoft.VisualStudio.Services.BlobStore.Server.L0.Tests.dll" adapterTypeName="Microsoft.VisualStudio.TestTools.TestTypes.Unit.UnitTestAdapter" className="Microsoft.VisualStudio.Services.BlobStore.Server.L0.Tests.LiveAzureBlobBlobStoreServiceTestsBug8" name="RacePutAndRemoveRef" />
    </UnitTest>
    <UnitTest name="RacePutAndRemoveRef" storage="microsoft.visualstudio.services.blobstore.server.l0.tests.dll" id="836b3c16-7665-2572-3f85-38231c175bff">
      <Execution id="a261a3f2-ac46-4b4c-90d7-8d08b86f5048" />
      <TestMethod codeBase="Microsoft.VisualStudio.Services.BlobStore.Server.L0.Tests.dll" adapterTypeName="Microsoft.VisualStudio.TestTools.TestTypes.Unit.UnitTestAdapter" className="Microsoft.VisualStudio.Services.BlobStore.Server.L0.Tests.LiveAzureBlobBlobStoreServiceTestsBug4" name="RacePutAndRemoveRef" />
    </UnitTest>
    <UnitTest name="RacePutAndRemoveRef" storage="microsoft.visualstudio.services.blobstore.server.l0.tests.dll" id="6e56bd79-865d-64e1-19f0-a8f47910cbb7">
      <Execution id="09313971-ea4f-42da-8d3b-3a778a3d471b" />
      <TestMethod codeBase="Microsoft.VisualStudio.Services.BlobStore.Server.L0.Tests.dll" adapterTypeName="Microsoft.VisualStudio.TestTools.TestTypes.Unit.UnitTestAdapter" className="Microsoft.VisualStudio.Services.BlobStore.Server.L0.Tests.LiveAzureBlobBlobStoreServiceTestsBug7" name="RacePutAndRemoveRef" />
    </UnitTest>
  </TestDefinitions>
  <TestEntries>
    <TestEntry testId="5fee29a3-664b-6067-26ff-9f54bbe7090e" executionId="c271a00f-9d24-4088-a518-22d32d688fbc" testListId="8c84fa94-04c1-424b-9868-57a2d4851a1d" />
    <TestEntry testId="f3099256-bb2c-cc17-9f10-9e68cdcc0764" executionId="a284c7d7-f6ff-4d15-93ac-b50add50bf9b" testListId="8c84fa94-04c1-424b-9868-57a2d4851a1d" />
    <TestEntry testId="dc26e5ce-3411-c7c2-ecbc-fba46c19ac22" executionId="3b68c734-443e-4d91-bdda-b19fce0d74d0" testListId="8c84fa94-04c1-424b-9868-57a2d4851a1d" />
    <TestEntry testId="c1e6b25f-25d9-cb6a-a208-ba8b01bd50a4" executionId="88ede9df-ef02-45c4-9739-48929ef55d65" testListId="8c84fa94-04c1-424b-9868-57a2d4851a1d" />
    <TestEntry testId="12481cf1-7455-4710-7a10-f1bb4f40b9ef" executionId="fbc0322c-e105-48f7-8651-14395383c6fa" testListId="8c84fa94-04c1-424b-9868-57a2d4851a1d" />
    <TestEntry testId="e67cd4fb-2705-ba86-f550-699ae079a2b6" executionId="1a52dd36-caaa-4860-8692-432001ceff23" testListId="8c84fa94-04c1-424b-9868-57a2d4851a1d" />
    <TestEntry testId="443db2cd-c77d-3596-095d-d9bbfc4a7038" executionId="d7f85fd6-6783-459e-b527-afb3071a38b8" testListId="8c84fa94-04c1-424b-9868-57a2d4851a1d" />
    <TestEntry testId="7faa7f9b-4702-50c0-ff7b-491534a1aa22" executionId="50c504ec-d387-43ad-b59a-9575f3cd5fd1" testListId="8c84fa94-04c1-424b-9868-57a2d4851a1d" />
    <TestEntry testId="b8159cc6-344a-6c9e-23f9-3a418274c9a6" executionId="e79676d9-d52b-48bc-b474-8bb6d6a64a66" testListId="8c84fa94-04c1-424b-9868-57a2d4851a1d" />
    <TestEntry testId="d462c53a-1744-7cc3-ae07-8b374f7d0810" executionId="1a67f910-fddf-4c30-b706-ab75289ddec8" testListId="8c84fa94-04c1-424b-9868-57a2d4851a1d" />
    <TestEntry testId="ee6f6197-8d67-150a-6767-af946a2ce1a4" executionId="9a076091-918e-4925-bc87-5fcce8f2df04" testListId="8c84fa94-04c1-424b-9868-57a2d4851a1d" />
    <TestEntry testId="836b3c16-7665-2572-3f85-38231c175bff" executionId="a261a3f2-ac46-4b4c-90d7-8d08b86f5048" testListId="8c84fa94-04c1-424b-9868-57a2d4851a1d" />
    <TestEntry testId="6e56bd79-865d-64e1-19f0-a8f47910cbb7" executionId="09313971-ea4f-42da-8d3b-3a778a3d471b" testListId="8c84fa94-04c1-424b-9868-57a2d4851a1d" />
  </TestEntries>
  <TestLists>
    <TestList name="Results Not in a List" id="8c84fa94-04c1-424b-9868-57a2d4851a1d" />
    <TestList name="All Loaded Results" id="19431567-8539-422a-85d7-44ee4e166bda" />
  </TestLists>
  <ResultSummary outcome="Failed">
    <Counters total="13" executed="13" passed="12" failed="1" error="0" timeout="0" aborted="0" inconclusive="0" passedButRunAborted="0" notRunnable="0" notExecuted="0" disconnected="0" warning="0" completed="0" inProgress="0" pending="0" />
    <RunInfos>
      <RunInfo computerName="JERICK-DEBUG" outcome="Warning" timestamp="2015-09-20T08:41:35.2691314-07:00">
        <Text>Warning: Test Run deployment issue: The assembly or module 'System.Web.WebPages' directly or indirectly referenced by the test container 'D:\src\Artifact2\bin\Debug.AnyCPU\BlobStore.Service.L0\MS.VS.Services.BlobStore.Server.L0.Tests\microsoft.visualstudio.services.blobstore.server.l0.tests.dll' was not found.</Text>
      </RunInfo>
    </RunInfos>
  </ResultSummary>
</TestRun>