<?xml version="1.0" encoding="UTF-8"?>
<TestRun id="cff4b1ba-1d22-48c3-82e3-685524aaa9c7" name="jerick@JERICK-DEBUG 2015-09-20 05:02:56" runUser="REDMOND\jerick" xmlns="http://microsoft.com/schemas/VisualStudio/TeamTest/2010">
  <Times creation="2015-09-20T05:02:56.2562885-07:00" queuing="2015-09-20T05:02:56.2562885-07:00" start="2015-09-20T05:02:56.2612889-07:00" finish="2015-09-20T05:02:58.7306418-07:00" />
  <TestSettings name="default" id="bf34d63b-4331-4200-91b8-672a8f1edb35">
    <Execution>
      <TestTypeSpecific />
    </Execution>
    <Deployment runDeploymentRoot="jerick_JERICK-DEBUG 2015-09-20 05_02_56" />
    <Properties />
  </TestSettings>
  <Results>
    <UnitTestResult executionId="e91d326d-a425-40f8-a285-67116aff0fde" testId="5fee29a3-664b-6067-26ff-9f54bbe7090e" testName="RacePutAndRemoveRef" computerName="JERICK-DEBUG" duration="00:01:33.2675926" startTime="2015-09-20T05:01:21.4193937-07:00" endTime="2015-09-20T05:02:55.1946498-07:00" testType="13cdc9d9-ddb5-4fa4-a97d-d965ccfc6d4b" outcome="Passed" testListId="8c84fa94-04c1-424b-9868-57a2d4851a1d" relativeResultsDirectory="e91d326d-a425-40f8-a285-67116aff0fde">
      <Output>
        <StdOut>Initial Key Ranges
[0000000000000000,a93bc2cc10a445e2]=&gt;'crteststorage1'[0001/0001](a93bc2cc10a445e2)
[a93bc2cc10a445e3,beffbb75dcdb50c5]=&gt;'crteststorage1'[0000/0001](beffbb75dcdb50c5)
[beffbb75dcdb50c6,ffffffffffffffff]=&gt;'crteststorage1'[0001/0001](a93bc2cc10a445e2)

Migrating Ranges

Final Key Ranges
[0000000000000000,a93bc2cc10a445e2]=&gt;'crteststorage1'[0001/0001](a93bc2cc10a445e2)
[a93bc2cc10a445e3,beffbb75dcdb50c5]=&gt;'crteststorage1'[0000/0001](beffbb75dcdb50c5)
[beffbb75dcdb50c6,ffffffffffffffff]=&gt;'crteststorage1'[0001/0001](a93bc2cc10a445e2)</StdOut>
      </Output>
    </UnitTestResult>
    <UnitTestResult executionId="c48ea2f9-cc9a-4687-aecb-bbb6496d26a6" testId="836b3c16-7665-2572-3f85-38231c175bff" testName="RacePutAndRemoveRef" computerName="JERICK-DEBUG" duration="00:01:33.3370783" startTime="2015-09-20T05:01:21.4183940-07:00" endTime="2015-09-20T05:02:55.2376539-07:00" testType="13cdc9d9-ddb5-4fa4-a97d-d965ccfc6d4b" outcome="Passed" testListId="8c84fa94-04c1-424b-9868-57a2d4851a1d" relativeResultsDirectory="c48ea2f9-cc9a-4687-aecb-bbb6496d26a6">
      <Output>
        <StdOut>Initial Key Ranges
[0000000000000000,a93bc2cc10a445e2]=&gt;'crteststorage1'[0001/0001](a93bc2cc10a445e2)
[a93bc2cc10a445e3,beffbb75dcdb50c5]=&gt;'crteststorage1'[0000/0001](beffbb75dcdb50c5)
[beffbb75dcdb50c6,ffffffffffffffff]=&gt;'crteststorage1'[0001/0001](a93bc2cc10a445e2)

Migrating Ranges

Final Key Ranges
[0000000000000000,a93bc2cc10a445e2]=&gt;'crteststorage1'[0001/0001](a93bc2cc10a445e2)
[a93bc2cc10a445e3,beffbb75dcdb50c5]=&gt;'crteststorage1'[0000/0001](beffbb75dcdb50c5)
[beffbb75dcdb50c6,ffffffffffffffff]=&gt;'crteststorage1'[0001/0001](a93bc2cc10a445e2)</StdOut>
      </Output>
    </UnitTestResult>
    <UnitTestResult executionId="781b765c-2375-459d-b944-97333c0dbeb8" testId="e67cd4fb-2705-ba86-f550-699ae079a2b6" testName="RacePutAndRemoveRef" computerName="JERICK-DEBUG" duration="00:01:33.6222914" startTime="2015-09-20T05:01:21.4193937-07:00" endTime="2015-09-20T05:02:55.5244624-07:00" testType="13cdc9d9-ddb5-4fa4-a97d-d965ccfc6d4b" outcome="Passed" testListId="8c84fa94-04c1-424b-9868-57a2d4851a1d" relativeResultsDirectory="781b765c-2375-459d-b944-97333c0dbeb8">
      <Output>
        <StdOut>Initial Key Ranges
[0000000000000000,a93bc2cc10a445e2]=&gt;'crteststorage1'[0001/0001](a93bc2cc10a445e2)
[a93bc2cc10a445e3,beffbb75dcdb50c5]=&gt;'crteststorage1'[0000/0001](beffbb75dcdb50c5)
[beffbb75dcdb50c6,ffffffffffffffff]=&gt;'crteststorage1'[0001/0001](a93bc2cc10a445e2)

Migrating Ranges

Final Key Ranges
[0000000000000000,a93bc2cc10a445e2]=&gt;'crteststorage1'[0001/0001](a93bc2cc10a445e2)
[a93bc2cc10a445e3,beffbb75dcdb50c5]=&gt;'crteststorage1'[0000/0001](beffbb75dcdb50c5)
[beffbb75dcdb50c6,ffffffffffffffff]=&gt;'crteststorage1'[0001/0001](a93bc2cc10a445e2)</StdOut>
      </Output>
    </UnitTestResult>
    <UnitTestResult executionId="69ede7f5-6dfd-492d-b60a-cd3d9e963211" testId="7faa7f9b-4702-50c0-ff7b-491534a1aa22" testName="RacePutAndRemoveRef" computerName="JERICK-DEBUG" duration="00:01:33.7911699" startTime="2015-09-20T05:01:21.4193937-07:00" endTime="2015-09-20T05:02:55.6924836-07:00" testType="13cdc9d9-ddb5-4fa4-a97d-d965ccfc6d4b" outcome="Passed" testListId="8c84fa94-04c1-424b-9868-57a2d4851a1d" relativeResultsDirectory="69ede7f5-6dfd-492d-b60a-cd3d9e963211">
      <Output>
        <StdOut>Initial Key Ranges
[0000000000000000,a93bc2cc10a445e2]=&gt;'crteststorage1'[0001/0001](a93bc2cc10a445e2)
[a93bc2cc10a445e3,beffbb75dcdb50c5]=&gt;'crteststorage1'[0000/0001](beffbb75dcdb50c5)
[beffbb75dcdb50c6,ffffffffffffffff]=&gt;'crteststorage1'[0001/0001](a93bc2cc10a445e2)

Migrating Ranges

Final Key Ranges
[0000000000000000,a93bc2cc10a445e2]=&gt;'crteststorage1'[0001/0001](a93bc2cc10a445e2)
[a93bc2cc10a445e3,beffbb75dcdb50c5]=&gt;'crteststorage1'[0000/0001](beffbb75dcdb50c5)
[beffbb75dcdb50c6,ffffffffffffffff]=&gt;'crteststorage1'[0001/0001](a93bc2cc10a445e2)</StdOut>
      </Output>
    </UnitTestResult>
    <UnitTestResult executionId="ceb052c3-96d8-4c71-a55c-abd21c08773a" testId="dc26e5ce-3411-c7c2-ecbc-fba46c19ac22" testName="RacePutAndRemoveRef" computerName="JERICK-DEBUG" duration="00:01:33.9085818" startTime="2015-09-20T05:01:21.4183940-07:00" endTime="2015-09-20T05:02:55.8098386-07:00" testType="13cdc9d9-ddb5-4fa4-a97d-d965ccfc6d4b" outcome="Passed" testListId="8c84fa94-04c1-424b-9868-57a2d4851a1d" relativeResultsDirectory="ceb052c3-96d8-4c71-a55c-abd21c08773a">
      <Output>
        <StdOut>Initial Key Ranges
[0000000000000000,a93bc2cc10a445e2]=&gt;'crteststorage1'[0001/0001](a93bc2cc10a445e2)
[a93bc2cc10a445e3,beffbb75dcdb50c5]=&gt;'crteststorage1'[0000/0001](beffbb75dcdb50c5)
[beffbb75dcdb50c6,ffffffffffffffff]=&gt;'crteststorage1'[0001/0001](a93bc2cc10a445e2)

Migrating Ranges

Final Key Ranges
[0000000000000000,a93bc2cc10a445e2]=&gt;'crteststorage1'[0001/0001](a93bc2cc10a445e2)
[a93bc2cc10a445e3,beffbb75dcdb50c5]=&gt;'crteststorage1'[0000/0001](beffbb75dcdb50c5)
[beffbb75dcdb50c6,ffffffffffffffff]=&gt;'crteststorage1'[0001/0001](a93bc2cc10a445e2)</StdOut>
      </Output>
    </UnitTestResult>
    <UnitTestResult executionId="6d460c40-bb77-4a45-a807-0083b2e2e11a" testId="b8159cc6-344a-6c9e-23f9-3a418274c9a6" testName="RacePutAndRemoveRef" computerName="JERICK-DEBUG" duration="00:01:34.0512430" startTime="2015-09-20T05:01:21.4183940-07:00" endTime="2015-09-20T05:02:55.9518542-07:00" testType="13cdc9d9-ddb5-4fa4-a97d-d965ccfc6d4b" outcome="Passed" testListId="8c84fa94-04c1-424b-9868-57a2d4851a1d" relativeResultsDirectory="6d460c40-bb77-4a45-a807-0083b2e2e11a">
      <Output>
        <StdOut>Initial Key Ranges
[0000000000000000,a93bc2cc10a445e2]=&gt;'crteststorage1'[0001/0001](a93bc2cc10a445e2)
[a93bc2cc10a445e3,beffbb75dcdb50c5]=&gt;'crteststorage1'[0000/0001](beffbb75dcdb50c5)
[beffbb75dcdb50c6,ffffffffffffffff]=&gt;'crteststorage1'[0001/0001](a93bc2cc10a445e2)

Migrating Ranges

Final Key Ranges
[0000000000000000,a93bc2cc10a445e2]=&gt;'crteststorage1'[0001/0001](a93bc2cc10a445e2)
[a93bc2cc10a445e3,beffbb75dcdb50c5]=&gt;'crteststorage1'[0000/0001](beffbb75dcdb50c5)
[beffbb75dcdb50c6,ffffffffffffffff]=&gt;'crteststorage1'[0001/0001](a93bc2cc10a445e2)</StdOut>
      </Output>
    </UnitTestResult>
    <UnitTestResult executionId="ee07ceaa-0652-4f9e-a0dd-576d8099371d" testId="c1e6b25f-25d9-cb6a-a208-ba8b01bd50a4" testName="RacePutAndRemoveRef" computerName="JERICK-DEBUG" duration="00:01:34.2362858" startTime="2015-09-20T05:01:21.4183940-07:00" endTime="2015-09-20T05:02:56.1376433-07:00" testType="13cdc9d9-ddb5-4fa4-a97d-d965ccfc6d4b" outcome="Passed" testListId="8c84fa94-04c1-424b-9868-57a2d4851a1d" relativeResultsDirectory="ee07ceaa-0652-4f9e-a0dd-576d8099371d">
      <Output>
        <StdOut>Initial Key Ranges
[0000000000000000,a93bc2cc10a445e2]=&gt;'crteststorage1'[0001/0001](a93bc2cc10a445e2)
[a93bc2cc10a445e3,beffbb75dcdb50c5]=&gt;'crteststorage1'[0000/0001](beffbb75dcdb50c5)
[beffbb75dcdb50c6,ffffffffffffffff]=&gt;'crteststorage1'[0001/0001](a93bc2cc10a445e2)

Migrating Ranges

Final Key Ranges
[0000000000000000,a93bc2cc10a445e2]=&gt;'crteststorage1'[0001/0001](a93bc2cc10a445e2)
[a93bc2cc10a445e3,beffbb75dcdb50c5]=&gt;'crteststorage1'[0000/0001](beffbb75dcdb50c5)
[beffbb75dcdb50c6,ffffffffffffffff]=&gt;'crteststorage1'[0001/0001](a93bc2cc10a445e2)</StdOut>
      </Output>
    </UnitTestResult>
    <UnitTestResult executionId="dda84f52-acaf-4810-a07a-738da30ec2d8" testId="ee6f6197-8d67-150a-6767-af946a2ce1a4" testName="RacePutAndRemoveRef" computerName="JERICK-DEBUG" duration="00:01:34.2975458" startTime="2015-09-20T05:01:21.4193937-07:00" endTime="2015-09-20T05:02:56.2002880-07:00" testType="13cdc9d9-ddb5-4fa4-a97d-d965ccfc6d4b" outcome="Passed" testListId="8c84fa94-04c1-424b-9868-57a2d4851a1d" relativeResultsDirectory="dda84f52-acaf-4810-a07a-738da30ec2d8">
      <Output>
        <StdOut>Initial Key Ranges
[0000000000000000,a93bc2cc10a445e2]=&gt;'crteststorage1'[0001/0001](a93bc2cc10a445e2)
[a93bc2cc10a445e3,beffbb75dcdb50c5]=&gt;'crteststorage1'[0000/0001](beffbb75dcdb50c5)
[beffbb75dcdb50c6,ffffffffffffffff]=&gt;'crteststorage1'[0001/0001](a93bc2cc10a445e2)

Migrating Ranges

Final Key Ranges
[0000000000000000,a93bc2cc10a445e2]=&gt;'crteststorage1'[0001/0001](a93bc2cc10a445e2)
[a93bc2cc10a445e3,beffbb75dcdb50c5]=&gt;'crteststorage1'[0000/0001](beffbb75dcdb50c5)
[beffbb75dcdb50c6,ffffffffffffffff]=&gt;'crteststorage1'[0001/0001](a93bc2cc10a445e2)</StdOut>
      </Output>
    </UnitTestResult>
    <UnitTestResult executionId="30da98db-9c1a-4ca8-9534-6026089104dd" testId="443db2cd-c77d-3596-095d-d9bbfc4a7038" testName="RacePutAndRemoveRef" computerName="JERICK-DEBUG" duration="00:01:34.3492990" startTime="2015-09-20T05:01:21.4193937-07:00" endTime="2015-09-20T05:02:56.2502875-07:00" testType="13cdc9d9-ddb5-4fa4-a97d-d965ccfc6d4b" outcome="Passed" testListId="8c84fa94-04c1-424b-9868-57a2d4851a1d" relativeResultsDirectory="30da98db-9c1a-4ca8-9534-6026089104dd">
      <Output>
        <StdOut>Initial Key Ranges
[0000000000000000,a93bc2cc10a445e2]=&gt;'crteststorage1'[0001/0001](a93bc2cc10a445e2)
[a93bc2cc10a445e3,beffbb75dcdb50c5]=&gt;'crteststorage1'[0000/0001](beffbb75dcdb50c5)
[beffbb75dcdb50c6,ffffffffffffffff]=&gt;'crteststorage1'[0001/0001](a93bc2cc10a445e2)

Migrating Ranges

Final Key Ranges
[0000000000000000,a93bc2cc10a445e2]=&gt;'crteststorage1'[0001/0001](a93bc2cc10a445e2)
[a93bc2cc10a445e3,beffbb75dcdb50c5]=&gt;'crteststorage1'[0000/0001](beffbb75dcdb50c5)
[beffbb75dcdb50c6,ffffffffffffffff]=&gt;'crteststorage1'[0001/0001](a93bc2cc10a445e2)</StdOut>
      </Output>
    </UnitTestResult>
    <UnitTestResult executionId="5798f3ff-a3e6-4d1e-be47-23722f47fda2" testId="6e56bd79-865d-64e1-19f0-a8f47910cbb7" testName="RacePutAndRemoveRef" computerName="JERICK-DEBUG" duration="00:01:34.4199160" startTime="2015-09-20T05:01:21.4183940-07:00" endTime="2015-09-20T05:02:56.3212964-07:00" testType="13cdc9d9-ddb5-4fa4-a97d-d965ccfc6d4b" outcome="Passed" testListId="8c84fa94-04c1-424b-9868-57a2d4851a1d" relativeResultsDirectory="5798f3ff-a3e6-4d1e-be47-23722f47fda2">
      <Output>
        <StdOut>Initial Key Ranges
[0000000000000000,a93bc2cc10a445e2]=&gt;'crteststorage1'[0001/0001](a93bc2cc10a445e2)
[a93bc2cc10a445e3,beffbb75dcdb50c5]=&gt;'crteststorage1'[0000/0001](beffbb75dcdb50c5)
[beffbb75dcdb50c6,ffffffffffffffff]=&gt;'crteststorage1'[0001/0001](a93bc2cc10a445e2)

Migrating Ranges

Final Key Ranges
[0000000000000000,a93bc2cc10a445e2]=&gt;'crteststorage1'[0001/0001](a93bc2cc10a445e2)
[a93bc2cc10a445e3,beffbb75dcdb50c5]=&gt;'crteststorage1'[0000/0001](beffbb75dcdb50c5)
[beffbb75dcdb50c6,ffffffffffffffff]=&gt;'crteststorage1'[0001/0001](a93bc2cc10a445e2)</StdOut>
      </Output>
    </UnitTestResult>
    <UnitTestResult executionId="0ba40807-386f-4813-b284-cb5e037063ed" testId="12481cf1-7455-4710-7a10-f1bb4f40b9ef" testName="RacePutAndRemoveRef" computerName="JERICK-DEBUG" duration="00:01:34.4788094" startTime="2015-09-20T05:01:21.4183940-07:00" endTime="2015-09-20T05:02:56.3803050-07:00" testType="13cdc9d9-ddb5-4fa4-a97d-d965ccfc6d4b" outcome="Passed" testListId="8c84fa94-04c1-424b-9868-57a2d4851a1d" relativeResultsDirectory="0ba40807-386f-4813-b284-cb5e037063ed">
      <Output>
        <StdOut>Initial Key Ranges
[0000000000000000,a93bc2cc10a445e2]=&gt;'crteststorage1'[0001/0001](a93bc2cc10a445e2)
[a93bc2cc10a445e3,beffbb75dcdb50c5]=&gt;'crteststorage1'[0000/0001](beffbb75dcdb50c5)
[beffbb75dcdb50c6,ffffffffffffffff]=&gt;'crteststorage1'[0001/0001](a93bc2cc10a445e2)

Migrating Ranges

Final Key Ranges
[0000000000000000,a93bc2cc10a445e2]=&gt;'crteststorage1'[0001/0001](a93bc2cc10a445e2)
[a93bc2cc10a445e3,beffbb75dcdb50c5]=&gt;'crteststorage1'[0000/0001](beffbb75dcdb50c5)
[beffbb75dcdb50c6,ffffffffffffffff]=&gt;'crteststorage1'[0001/0001](a93bc2cc10a445e2)</StdOut>
      </Output>
    </UnitTestResult>
    <UnitTestResult executionId="c90b3749-0de4-4eef-9928-1daa7588c3cf" testId="d462c53a-1744-7cc3-ae07-8b374f7d0810" testName="RacePutAndRemoveRef" computerName="JERICK-DEBUG" duration="00:01:35.1152281" startTime="2015-09-20T05:01:21.4183940-07:00" endTime="2015-09-20T05:02:57.0165630-07:00" testType="13cdc9d9-ddb5-4fa4-a97d-d965ccfc6d4b" outcome="Passed" testListId="8c84fa94-04c1-424b-9868-57a2d4851a1d" relativeResultsDirectory="c90b3749-0de4-4eef-9928-1daa7588c3cf">
      <Output>
        <StdOut>Initial Key Ranges
[0000000000000000,a93bc2cc10a445e2]=&gt;'crteststorage1'[0001/0001](a93bc2cc10a445e2)
[a93bc2cc10a445e3,beffbb75dcdb50c5]=&gt;'crteststorage1'[0000/0001](beffbb75dcdb50c5)
[beffbb75dcdb50c6,ffffffffffffffff]=&gt;'crteststorage1'[0001/0001](a93bc2cc10a445e2)

Migrating Ranges

Final Key Ranges
[0000000000000000,a93bc2cc10a445e2]=&gt;'crteststorage1'[0001/0001](a93bc2cc10a445e2)
[a93bc2cc10a445e3,beffbb75dcdb50c5]=&gt;'crteststorage1'[0000/0001](beffbb75dcdb50c5)
[beffbb75dcdb50c6,ffffffffffffffff]=&gt;'crteststorage1'[0001/0001](a93bc2cc10a445e2)</StdOut>
      </Output>
    </UnitTestResult>
    <UnitTestResult executionId="3a7d9ceb-7434-4158-b377-52e35ee4d943" testId="f3099256-bb2c-cc17-9f10-9e68cdcc0764" testName="RacePutAndRemoveRef" computerName="JERICK-DEBUG" duration="00:01:36.0339345" startTime="2015-09-20T05:01:21.4193937-07:00" endTime="2015-09-20T05:02:57.9355756-07:00" testType="13cdc9d9-ddb5-4fa4-a97d-d965ccfc6d4b" outcome="Passed" testListId="8c84fa94-04c1-424b-9868-57a2d4851a1d" relativeResultsDirectory="3a7d9ceb-7434-4158-b377-52e35ee4d943">
      <Output>
        <StdOut>Initial Key Ranges
[0000000000000000,a93bc2cc10a445e2]=&gt;'crteststorage1'[0001/0001](a93bc2cc10a445e2)
[a93bc2cc10a445e3,beffbb75dcdb50c5]=&gt;'crteststorage1'[0000/0001](beffbb75dcdb50c5)
[beffbb75dcdb50c6,ffffffffffffffff]=&gt;'crteststorage1'[0001/0001](a93bc2cc10a445e2)

Migrating Ranges

Final Key Ranges
[0000000000000000,a93bc2cc10a445e2]=&gt;'crteststorage1'[0001/0001](a93bc2cc10a445e2)
[a93bc2cc10a445e3,beffbb75dcdb50c5]=&gt;'crteststorage1'[0000/0001](beffbb75dcdb50c5)
[beffbb75dcdb50c6,ffffffffffffffff]=&gt;'crteststorage1'[0001/0001](a93bc2cc10a445e2)</StdOut>
      </Output>
    </UnitTestResult>
  </Results>
  <TestDefinitions>
    <UnitTest name="RacePutAndRemoveRef" storage="microsoft.visualstudio.services.blobstore.server.l0.tests.dll" id="5fee29a3-664b-6067-26ff-9f54bbe7090e">
      <Execution id="e91d326d-a425-40f8-a285-67116aff0fde" />
      <TestMethod codeBase="Microsoft.VisualStudio.Services.BlobStore.Server.L0.Tests.dll" adapterTypeName="Microsoft.VisualStudio.TestTools.TestTypes.Unit.UnitTestAdapter" className="Microsoft.VisualStudio.Services.BlobStore.Server.L0.Tests.LiveAzureBlobBlobStoreServiceTestsBug1" name="RacePutAndRemoveRef" />
    </UnitTest>
    <UnitTest name="RacePutAndRemoveRef" storage="microsoft.visualstudio.services.blobstore.server.l0.tests.dll" id="836b3c16-7665-2572-3f85-38231c175bff">
      <Execution id="c48ea2f9-cc9a-4687-aecb-bbb6496d26a6" />
      <TestMethod codeBase="Microsoft.VisualStudio.Services.BlobStore.Server.L0.Tests.dll" adapterTypeName="Microsoft.VisualStudio.TestTools.TestTypes.Unit.UnitTestAdapter" className="Microsoft.VisualStudio.Services.BlobStore.Server.L0.Tests.LiveAzureBlobBlobStoreServiceTestsBug4" name="RacePutAndRemoveRef" />
    </UnitTest>
    <UnitTest name="RacePutAndRemoveRef" storage="microsoft.visualstudio.services.blobstore.server.l0.tests.dll" id="e67cd4fb-2705-ba86-f550-699ae079a2b6">
      <Execution id="781b765c-2375-459d-b944-97333c0dbeb8" />
      <TestMethod codeBase="Microsoft.VisualStudio.Services.BlobStore.Server.L0.Tests.dll" adapterTypeName="Microsoft.VisualStudio.TestTools.TestTypes.Unit.UnitTestAdapter" className="Microsoft.VisualStudio.Services.BlobStore.Server.L0.Tests.LiveAzureBlobBlobStoreServiceTests" name="RacePutAndRemoveRef" />
    </UnitTest>
    <UnitTest name="RacePutAndRemoveRef" storage="microsoft.visualstudio.services.blobstore.server.l0.tests.dll" id="7faa7f9b-4702-50c0-ff7b-491534a1aa22">
      <Execution id="69ede7f5-6dfd-492d-b60a-cd3d9e963211" />
      <TestMethod codeBase="Microsoft.VisualStudio.Services.BlobStore.Server.L0.Tests.dll" adapterTypeName="Microsoft.VisualStudio.TestTools.TestTypes.Unit.UnitTestAdapter" className="Microsoft.VisualStudio.Services.BlobStore.Server.L0.Tests.LiveAzureBlobBlobStoreServiceTestsBug5" name="RacePutAndRemoveRef" />
    </UnitTest>
    <UnitTest name="RacePutAndRemoveRef" storage="microsoft.visualstudio.services.blobstore.server.l0.tests.dll" id="dc26e5ce-3411-c7c2-ecbc-fba46c19ac22">
      <Execution id="ceb052c3-96d8-4c71-a55c-abd21c08773a" />
      <TestMethod codeBase="Microsoft.VisualStudio.Services.BlobStore.Server.L0.Tests.dll" adapterTypeName="Microsoft.VisualStudio.TestTools.TestTypes.Unit.UnitTestAdapter" className="Microsoft.VisualStudio.Services.BlobStore.Server.L0.Tests.LiveAzureBlobBlobStoreServiceTestsBug6" name="RacePutAndRemoveRef" />
    </UnitTest>
    <UnitTest name="RacePutAndRemoveRef" storage="microsoft.visualstudio.services.blobstore.server.l0.tests.dll" id="b8159cc6-344a-6c9e-23f9-3a418274c9a6">
      <Execution id="6d460c40-bb77-4a45-a807-0083b2e2e11a" />
      <TestMethod codeBase="Microsoft.VisualStudio.Services.BlobStore.Server.L0.Tests.dll" adapterTypeName="Microsoft.VisualStudio.TestTools.TestTypes.Unit.UnitTestAdapter" className="Microsoft.VisualStudio.Services.BlobStore.Server.L0.Tests.LiveAzureBlobBlobStoreServiceTestsBug3" name="RacePutAndRemoveRef" />
    </UnitTest>
    <UnitTest name="RacePutAndRemoveRef" storage="microsoft.visualstudio.services.blobstore.server.l0.tests.dll" id="c1e6b25f-25d9-cb6a-a208-ba8b01bd50a4">
      <Execution id="ee07ceaa-0652-4f9e-a0dd-576d8099371d" />
      <TestMethod codeBase="Microsoft.VisualStudio.Services.BlobStore.Server.L0.Tests.dll" adapterTypeName="Microsoft.VisualStudio.TestTools.TestTypes.Unit.UnitTestAdapter" className="Microsoft.VisualStudio.Services.BlobStore.Server.L0.Tests.LiveAzureBlobBlobStoreServiceTestsBug9" name="RacePutAndRemoveRef" />
    </UnitTest>
    <UnitTest name="RacePutAndRemoveRef" storage="microsoft.visualstudio.services.blobstore.server.l0.tests.dll" id="ee6f6197-8d67-150a-6767-af946a2ce1a4">
      <Execution id="dda84f52-acaf-4810-a07a-738da30ec2d8" />
      <TestMethod codeBase="Microsoft.VisualStudio.Services.BlobStore.Server.L0.Tests.dll" adapterTypeName="Microsoft.VisualStudio.TestTools.TestTypes.Unit.UnitTestAdapter" className="Microsoft.VisualStudio.Services.BlobStore.Server.L0.Tests.LiveAzureBlobBlobStoreServiceTestsBug8" name="RacePutAndRemoveRef" />
    </UnitTest>
    <UnitTest name="RacePutAndRemoveRef" storage="microsoft.visualstudio.services.blobstore.server.l0.tests.dll" id="443db2cd-c77d-3596-095d-d9bbfc4a7038">
      <Execution id="30da98db-9c1a-4ca8-9534-6026089104dd" />
      <TestMethod codeBase="Microsoft.VisualStudio.Services.BlobStore.Server.L0.Tests.dll" adapterTypeName="Microsoft.VisualStudio.TestTools.TestTypes.Unit.UnitTestAdapter" className="Microsoft.VisualStudio.Services.BlobStore.Server.L0.Tests.LiveAzureBlobBlobStoreServiceTestsBug11" name="RacePutAndRemoveRef" />
    </UnitTest>
    <UnitTest name="RacePutAndRemoveRef" storage="microsoft.visualstudio.services.blobstore.server.l0.tests.dll" id="6e56bd79-865d-64e1-19f0-a8f47910cbb7">
      <Execution id="5798f3ff-a3e6-4d1e-be47-23722f47fda2" />
      <TestMethod codeBase="Microsoft.VisualStudio.Services.BlobStore.Server.L0.Tests.dll" adapterTypeName="Microsoft.VisualStudio.TestTools.TestTypes.Unit.UnitTestAdapter" className="Microsoft.VisualStudio.Services.BlobStore.Server.L0.Tests.LiveAzureBlobBlobStoreServiceTestsBug7" name="RacePutAndRemoveRef" />
    </UnitTest>
    <UnitTest name="RacePutAndRemoveRef" storage="microsoft.visualstudio.services.blobstore.server.l0.tests.dll" id="12481cf1-7455-4710-7a10-f1bb4f40b9ef">
      <Execution id="0ba40807-386f-4813-b284-cb5e037063ed" />
      <TestMethod codeBase="Microsoft.VisualStudio.Services.BlobStore.Server.L0.Tests.dll" adapterTypeName="Microsoft.VisualStudio.TestTools.TestTypes.Unit.UnitTestAdapter" className="Microsoft.VisualStudio.Services.BlobStore.Server.L0.Tests.LiveAzureBlobBlobStoreServiceTestsBug10" name="RacePutAndRemoveRef" />
    </UnitTest>
    <UnitTest name="RacePutAndRemoveRef" storage="microsoft.visualstudio.services.blobstore.server.l0.tests.dll" id="d462c53a-1744-7cc3-ae07-8b374f7d0810">
      <Execution id="c90b3749-0de4-4eef-9928-1daa7588c3cf" />
      <TestMethod codeBase="Microsoft.VisualStudio.Services.BlobStore.Server.L0.Tests.dll" adapterTypeName="Microsoft.VisualStudio.TestTools.TestTypes.Unit.UnitTestAdapter" className="Microsoft.VisualStudio.Services.BlobStore.Server.L0.Tests.LiveAzureBlobBlobStoreServiceTestsBug0" name="RacePutAndRemoveRef" />
    </UnitTest>
    <UnitTest name="RacePutAndRemoveRef" storage="microsoft.visualstudio.services.blobstore.server.l0.tests.dll" id="f3099256-bb2c-cc17-9f10-9e68cdcc0764">
      <Execution id="3a7d9ceb-7434-4158-b377-52e35ee4d943" />
      <TestMethod codeBase="Microsoft.VisualStudio.Services.BlobStore.Server.L0.Tests.dll" adapterTypeName="Microsoft.VisualStudio.TestTools.TestTypes.Unit.UnitTestAdapter" className="Microsoft.VisualStudio.Services.BlobStore.Server.L0.Tests.LiveAzureBlobBlobStoreServiceTestsBug2" name="RacePutAndRemoveRef" />
    </UnitTest>
  </TestDefinitions>
  <TestEntries>
    <TestEntry testId="5fee29a3-664b-6067-26ff-9f54bbe7090e" executionId="e91d326d-a425-40f8-a285-67116aff0fde" testListId="8c84fa94-04c1-424b-9868-57a2d4851a1d" />
    <TestEntry testId="836b3c16-7665-2572-3f85-38231c175bff" executionId="c48ea2f9-cc9a-4687-aecb-bbb6496d26a6" testListId="8c84fa94-04c1-424b-9868-57a2d4851a1d" />
    <TestEntry testId="e67cd4fb-2705-ba86-f550-699ae079a2b6" executionId="781b765c-2375-459d-b944-97333c0dbeb8" testListId="8c84fa94-04c1-424b-9868-57a2d4851a1d" />
    <TestEntry testId="7faa7f9b-4702-50c0-ff7b-491534a1aa22" executionId="69ede7f5-6dfd-492d-b60a-cd3d9e963211" testListId="8c84fa94-04c1-424b-9868-57a2d4851a1d" />
    <TestEntry testId="dc26e5ce-3411-c7c2-ecbc-fba46c19ac22" executionId="ceb052c3-96d8-4c71-a55c-abd21c08773a" testListId="8c84fa94-04c1-424b-9868-57a2d4851a1d" />
    <TestEntry testId="b8159cc6-344a-6c9e-23f9-3a418274c9a6" executionId="6d460c40-bb77-4a45-a807-0083b2e2e11a" testListId="8c84fa94-04c1-424b-9868-57a2d4851a1d" />
    <TestEntry testId="c1e6b25f-25d9-cb6a-a208-ba8b01bd50a4" executionId="ee07ceaa-0652-4f9e-a0dd-576d8099371d" testListId="8c84fa94-04c1-424b-9868-57a2d4851a1d" />
    <TestEntry testId="ee6f6197-8d67-150a-6767-af946a2ce1a4" executionId="dda84f52-acaf-4810-a07a-738da30ec2d8" testListId="8c84fa94-04c1-424b-9868-57a2d4851a1d" />
    <TestEntry testId="443db2cd-c77d-3596-095d-d9bbfc4a7038" executionId="30da98db-9c1a-4ca8-9534-6026089104dd" testListId="8c84fa94-04c1-424b-9868-57a2d4851a1d" />
    <TestEntry testId="6e56bd79-865d-64e1-19f0-a8f47910cbb7" executionId="5798f3ff-a3e6-4d1e-be47-23722f47fda2" testListId="8c84fa94-04c1-424b-9868-57a2d4851a1d" />
    <TestEntry testId="12481cf1-7455-4710-7a10-f1bb4f40b9ef" executionId="0ba40807-386f-4813-b284-cb5e037063ed" testListId="8c84fa94-04c1-424b-9868-57a2d4851a1d" />
    <TestEntry testId="d462c53a-1744-7cc3-ae07-8b374f7d0810" executionId="c90b3749-0de4-4eef-9928-1daa7588c3cf" testListId="8c84fa94-04c1-424b-9868-57a2d4851a1d" />
    <TestEntry testId="f3099256-bb2c-cc17-9f10-9e68cdcc0764" executionId="3a7d9ceb-7434-4158-b377-52e35ee4d943" testListId="8c84fa94-04c1-424b-9868-57a2d4851a1d" />
  </TestEntries>
  <TestLists>
    <TestList name="Results Not in a List" id="8c84fa94-04c1-424b-9868-57a2d4851a1d" />
    <TestList name="All Loaded Results" id="19431567-8539-422a-85d7-44ee4e166bda" />
  </TestLists>
  <ResultSummary outcome="Completed">
    <Counters total="13" executed="13" passed="13" failed="0" error="0" timeout="0" aborted="0" inconclusive="0" passedButRunAborted="0" notRunnable="0" notExecuted="0" disconnected="0" warning="0" completed="0" inProgress="0" pending="0" />
    <RunInfos>
      <RunInfo computerName="JERICK-DEBUG" outcome="Warning" timestamp="2015-09-20T05:02:58.6846363-07:00">
        <Text>Warning: Test Run deployment issue: The assembly or module 'System.Web.WebPages' directly or indirectly referenced by the test container 'D:\src\Artifact2\bin\Debug.AnyCPU\BlobStore.Service.L0\MS.VS.Services.BlobStore.Server.L0.Tests\microsoft.visualstudio.services.blobstore.server.l0.tests.dll' was not found.</Text>
      </RunInfo>
    </RunInfos>
  </ResultSummary>
</TestRun>