<?xml version="1.0" encoding="UTF-8"?>
<TestRun id="2afdd330-3c65-4b9c-9dc7-98e649559531" name="jerick@JERICK-DEBUG 2015-09-20 05:11:32" runUser="REDMOND\jerick" xmlns="http://microsoft.com/schemas/VisualStudio/TeamTest/2010">
  <Times creation="2015-09-20T05:11:32.7127378-07:00" queuing="2015-09-20T05:11:32.7127378-07:00" start="2015-09-20T05:11:32.7177373-07:00" finish="2015-09-20T05:11:37.4837098-07:00" />
  <TestSettings name="default" id="daac894f-6b95-465a-bab4-a9c50b2baa35">
    <Execution>
      <TestTypeSpecific />
    </Execution>
    <Deployment runDeploymentRoot="jerick_JERICK-DEBUG 2015-09-20 05_11_32" />
    <Properties />
  </TestSettings>
  <Results>
    <UnitTestResult executionId="848df858-a9bc-479a-8fba-792ffed4e6c2" testId="443db2cd-c77d-3596-095d-d9bbfc4a7038" testName="RacePutAndRemoveRef" computerName="JERICK-DEBUG" duration="00:01:07.5875847" startTime="2015-09-20T05:10:23.3457128-07:00" endTime="2015-09-20T05:11:31.4371366-07:00" testType="13cdc9d9-ddb5-4fa4-a97d-d965ccfc6d4b" outcome="Passed" testListId="8c84fa94-04c1-424b-9868-57a2d4851a1d" relativeResultsDirectory="848df858-a9bc-479a-8fba-792ffed4e6c2">
      <Output>
        <StdOut>Initial Key Ranges
[0000000000000000,a93bc2cc10a445e2]=&gt;'crteststorage1'[0001/0001](a93bc2cc10a445e2)
[a93bc2cc10a445e3,beffbb75dcdb50c5]=&gt;'crteststorage1'[0000/0001](beffbb75dcdb50c5)
[beffbb75dcdb50c6,ffffffffffffffff]=&gt;'crteststorage1'[0001/0001](a93bc2cc10a445e2)

Migrating Ranges

Final Key Ranges
[0000000000000000,a93bc2cc10a445e2]=&gt;'crteststorage1'[0001/0001](a93bc2cc10a445e2)
[a93bc2cc10a445e3,beffbb75dcdb50c5]=&gt;'crteststorage1'[0000/0001](beffbb75dcdb50c5)
[beffbb75dcdb50c6,ffffffffffffffff]=&gt;'crteststorage1'[0001/0001](a93bc2cc10a445e2)</StdOut>
      </Output>
    </UnitTestResult>
    <UnitTestResult executionId="a2d1bda2-5198-46a5-bb97-2b33db77a367" testId="c1e6b25f-25d9-cb6a-a208-ba8b01bd50a4" testName="RacePutAndRemoveRef" computerName="JERICK-DEBUG" duration="00:01:08.6188496" startTime="2015-09-20T05:10:23.3457128-07:00" endTime="2015-09-20T05:11:32.4457128-07:00" testType="13cdc9d9-ddb5-4fa4-a97d-d965ccfc6d4b" outcome="Passed" testListId="8c84fa94-04c1-424b-9868-57a2d4851a1d" relativeResultsDirectory="a2d1bda2-5198-46a5-bb97-2b33db77a367">
      <Output>
        <StdOut>Initial Key Ranges
[0000000000000000,a93bc2cc10a445e2]=&gt;'crteststorage1'[0001/0001](a93bc2cc10a445e2)
[a93bc2cc10a445e3,beffbb75dcdb50c5]=&gt;'crteststorage1'[0000/0001](beffbb75dcdb50c5)
[beffbb75dcdb50c6,ffffffffffffffff]=&gt;'crteststorage1'[0001/0001](a93bc2cc10a445e2)

Migrating Ranges

Final Key Ranges
[0000000000000000,a93bc2cc10a445e2]=&gt;'crteststorage1'[0001/0001](a93bc2cc10a445e2)
[a93bc2cc10a445e3,beffbb75dcdb50c5]=&gt;'crteststorage1'[0000/0001](beffbb75dcdb50c5)
[beffbb75dcdb50c6,ffffffffffffffff]=&gt;'crteststorage1'[0001/0001](a93bc2cc10a445e2)</StdOut>
      </Output>
    </UnitTestResult>
    <UnitTestResult executionId="5c579229-25a0-4c30-849e-b09fcc8645b3" testId="836b3c16-7665-2572-3f85-38231c175bff" testName="RacePutAndRemoveRef" computerName="JERICK-DEBUG" duration="00:01:08.8873236" startTime="2015-09-20T05:10:23.3457128-07:00" endTime="2015-09-20T05:11:32.7127378-07:00" testType="13cdc9d9-ddb5-4fa4-a97d-d965ccfc6d4b" outcome="Passed" testListId="8c84fa94-04c1-424b-9868-57a2d4851a1d" relativeResultsDirectory="5c579229-25a0-4c30-849e-b09fcc8645b3">
      <Output>
        <StdOut>Initial Key Ranges
[0000000000000000,a93bc2cc10a445e2]=&gt;'crteststorage1'[0001/0001](a93bc2cc10a445e2)
[a93bc2cc10a445e3,beffbb75dcdb50c5]=&gt;'crteststorage1'[0000/0001](beffbb75dcdb50c5)
[beffbb75dcdb50c6,ffffffffffffffff]=&gt;'crteststorage1'[0001/0001](a93bc2cc10a445e2)

Migrating Ranges

Final Key Ranges
[0000000000000000,a93bc2cc10a445e2]=&gt;'crteststorage1'[0001/0001](a93bc2cc10a445e2)
[a93bc2cc10a445e3,beffbb75dcdb50c5]=&gt;'crteststorage1'[0000/0001](beffbb75dcdb50c5)
[beffbb75dcdb50c6,ffffffffffffffff]=&gt;'crteststorage1'[0001/0001](a93bc2cc10a445e2)</StdOut>
      </Output>
    </UnitTestResult>
    <UnitTestResult executionId="2f31a6f7-2dd2-4bb3-b7d2-8f31d77403dd" testId="d462c53a-1744-7cc3-ae07-8b374f7d0810" testName="RacePutAndRemoveRef" computerName="JERICK-DEBUG" duration="00:01:09.4084495" startTime="2015-09-20T05:10:23.3457128-07:00" endTime="2015-09-20T05:11:33.2357839-07:00" testType="13cdc9d9-ddb5-4fa4-a97d-d965ccfc6d4b" outcome="Passed" testListId="8c84fa94-04c1-424b-9868-57a2d4851a1d" relativeResultsDirectory="2f31a6f7-2dd2-4bb3-b7d2-8f31d77403dd">
      <Output>
        <StdOut>Initial Key Ranges
[0000000000000000,a93bc2cc10a445e2]=&gt;'crteststorage1'[0001/0001](a93bc2cc10a445e2)
[a93bc2cc10a445e3,beffbb75dcdb50c5]=&gt;'crteststorage1'[0000/0001](beffbb75dcdb50c5)
[beffbb75dcdb50c6,ffffffffffffffff]=&gt;'crteststorage1'[0001/0001](a93bc2cc10a445e2)

Migrating Ranges

Final Key Ranges
[0000000000000000,a93bc2cc10a445e2]=&gt;'crteststorage1'[0001/0001](a93bc2cc10a445e2)
[a93bc2cc10a445e3,beffbb75dcdb50c5]=&gt;'crteststorage1'[0000/0001](beffbb75dcdb50c5)
[beffbb75dcdb50c6,ffffffffffffffff]=&gt;'crteststorage1'[0001/0001](a93bc2cc10a445e2)</StdOut>
      </Output>
    </UnitTestResult>
    <UnitTestResult executionId="4a3498a2-70cf-48dd-b6d9-51286b9628f6" testId="12481cf1-7455-4710-7a10-f1bb4f40b9ef" testName="RacePutAndRemoveRef" computerName="JERICK-DEBUG" duration="00:01:09.6415086" startTime="2015-09-20T05:10:23.3457128-07:00" endTime="2015-09-20T05:11:33.4661718-07:00" testType="13cdc9d9-ddb5-4fa4-a97d-d965ccfc6d4b" outcome="Passed" testListId="8c84fa94-04c1-424b-9868-57a2d4851a1d" relativeResultsDirectory="4a3498a2-70cf-48dd-b6d9-51286b9628f6">
      <Output>
        <StdOut>Initial Key Ranges
[0000000000000000,a93bc2cc10a445e2]=&gt;'crteststorage1'[0001/0001](a93bc2cc10a445e2)
[a93bc2cc10a445e3,beffbb75dcdb50c5]=&gt;'crteststorage1'[0000/0001](beffbb75dcdb50c5)
[beffbb75dcdb50c6,ffffffffffffffff]=&gt;'crteststorage1'[0001/0001](a93bc2cc10a445e2)

Migrating Ranges

Final Key Ranges
[0000000000000000,a93bc2cc10a445e2]=&gt;'crteststorage1'[0001/0001](a93bc2cc10a445e2)
[a93bc2cc10a445e3,beffbb75dcdb50c5]=&gt;'crteststorage1'[0000/0001](beffbb75dcdb50c5)
[beffbb75dcdb50c6,ffffffffffffffff]=&gt;'crteststorage1'[0001/0001](a93bc2cc10a445e2)</StdOut>
      </Output>
    </UnitTestResult>
    <UnitTestResult executionId="b48903a4-1c67-4d84-8ada-e8177c5ded37" testId="dc26e5ce-3411-c7c2-ecbc-fba46c19ac22" testName="RacePutAndRemoveRef" computerName="JERICK-DEBUG" duration="00:01:10.1620047" startTime="2015-09-20T05:10:23.3457128-07:00" endTime="2015-09-20T05:11:33.9889782-07:00" testType="13cdc9d9-ddb5-4fa4-a97d-d965ccfc6d4b" outcome="Passed" testListId="8c84fa94-04c1-424b-9868-57a2d4851a1d" relativeResultsDirectory="b48903a4-1c67-4d84-8ada-e8177c5ded37">
      <Output>
        <StdOut>Initial Key Ranges
[0000000000000000,a93bc2cc10a445e2]=&gt;'crteststorage1'[0001/0001](a93bc2cc10a445e2)
[a93bc2cc10a445e3,beffbb75dcdb50c5]=&gt;'crteststorage1'[0000/0001](beffbb75dcdb50c5)
[beffbb75dcdb50c6,ffffffffffffffff]=&gt;'crteststorage1'[0001/0001](a93bc2cc10a445e2)

Migrating Ranges

Final Key Ranges
[0000000000000000,a93bc2cc10a445e2]=&gt;'crteststorage1'[0001/0001](a93bc2cc10a445e2)
[a93bc2cc10a445e3,beffbb75dcdb50c5]=&gt;'crteststorage1'[0000/0001](beffbb75dcdb50c5)
[beffbb75dcdb50c6,ffffffffffffffff]=&gt;'crteststorage1'[0001/0001](a93bc2cc10a445e2)</StdOut>
      </Output>
    </UnitTestResult>
    <UnitTestResult executionId="92836fff-460d-40a5-98ae-792ee76ec7e4" testId="e67cd4fb-2705-ba86-f550-699ae079a2b6" testName="RacePutAndRemoveRef" computerName="JERICK-DEBUG" duration="00:01:10.2032969" startTime="2015-09-20T05:10:23.3457128-07:00" endTime="2015-09-20T05:11:34.0279826-07:00" testType="13cdc9d9-ddb5-4fa4-a97d-d965ccfc6d4b" outcome="Passed" testListId="8c84fa94-04c1-424b-9868-57a2d4851a1d" relativeResultsDirectory="92836fff-460d-40a5-98ae-792ee76ec7e4">
      <Output>
        <StdOut>Initial Key Ranges
[0000000000000000,a93bc2cc10a445e2]=&gt;'crteststorage1'[0001/0001](a93bc2cc10a445e2)
[a93bc2cc10a445e3,beffbb75dcdb50c5]=&gt;'crteststorage1'[0000/0001](beffbb75dcdb50c5)
[beffbb75dcdb50c6,ffffffffffffffff]=&gt;'crteststorage1'[0001/0001](a93bc2cc10a445e2)

Migrating Ranges

Final Key Ranges
[0000000000000000,a93bc2cc10a445e2]=&gt;'crteststorage1'[0001/0001](a93bc2cc10a445e2)
[a93bc2cc10a445e3,beffbb75dcdb50c5]=&gt;'crteststorage1'[0000/0001](beffbb75dcdb50c5)
[beffbb75dcdb50c6,ffffffffffffffff]=&gt;'crteststorage1'[0001/0001](a93bc2cc10a445e2)</StdOut>
      </Output>
    </UnitTestResult>
    <UnitTestResult executionId="a7aaa220-f1d2-4ce9-8639-6543298a8292" testId="5fee29a3-664b-6067-26ff-9f54bbe7090e" testName="RacePutAndRemoveRef" computerName="JERICK-DEBUG" duration="00:01:10.9608183" startTime="2015-09-20T05:10:23.3457128-07:00" endTime="2015-09-20T05:11:34.7875782-07:00" testType="13cdc9d9-ddb5-4fa4-a97d-d965ccfc6d4b" outcome="Passed" testListId="8c84fa94-04c1-424b-9868-57a2d4851a1d" relativeResultsDirectory="a7aaa220-f1d2-4ce9-8639-6543298a8292">
      <Output>
        <StdOut>Initial Key Ranges
[0000000000000000,a93bc2cc10a445e2]=&gt;'crteststorage1'[0001/0001](a93bc2cc10a445e2)
[a93bc2cc10a445e3,beffbb75dcdb50c5]=&gt;'crteststorage1'[0000/0001](beffbb75dcdb50c5)
[beffbb75dcdb50c6,ffffffffffffffff]=&gt;'crteststorage1'[0001/0001](a93bc2cc10a445e2)

Migrating Ranges

Final Key Ranges
[0000000000000000,a93bc2cc10a445e2]=&gt;'crteststorage1'[0001/0001](a93bc2cc10a445e2)
[a93bc2cc10a445e3,beffbb75dcdb50c5]=&gt;'crteststorage1'[0000/0001](beffbb75dcdb50c5)
[beffbb75dcdb50c6,ffffffffffffffff]=&gt;'crteststorage1'[0001/0001](a93bc2cc10a445e2)</StdOut>
      </Output>
    </UnitTestResult>
    <UnitTestResult executionId="918d8565-b3de-44e2-b23c-15476379bd8d" testId="b8159cc6-344a-6c9e-23f9-3a418274c9a6" testName="RacePutAndRemoveRef" computerName="JERICK-DEBUG" duration="00:01:11.1042472" startTime="2015-09-20T05:10:23.3457128-07:00" endTime="2015-09-20T05:11:34.9300727-07:00" testType="13cdc9d9-ddb5-4fa4-a97d-d965ccfc6d4b" outcome="Passed" testListId="8c84fa94-04c1-424b-9868-57a2d4851a1d" relativeResultsDirectory="918d8565-b3de-44e2-b23c-15476379bd8d">
      <Output>
        <StdOut>Initial Key Ranges
[0000000000000000,a93bc2cc10a445e2]=&gt;'crteststorage1'[0001/0001](a93bc2cc10a445e2)
[a93bc2cc10a445e3,beffbb75dcdb50c5]=&gt;'crteststorage1'[0000/0001](beffbb75dcdb50c5)
[beffbb75dcdb50c6,ffffffffffffffff]=&gt;'crteststorage1'[0001/0001](a93bc2cc10a445e2)

Migrating Ranges

Final Key Ranges
[0000000000000000,a93bc2cc10a445e2]=&gt;'crteststorage1'[0001/0001](a93bc2cc10a445e2)
[a93bc2cc10a445e3,beffbb75dcdb50c5]=&gt;'crteststorage1'[0000/0001](beffbb75dcdb50c5)
[beffbb75dcdb50c6,ffffffffffffffff]=&gt;'crteststorage1'[0001/0001](a93bc2cc10a445e2)</StdOut>
      </Output>
    </UnitTestResult>
    <UnitTestResult executionId="2d05017c-aded-493f-a6b3-4e1d2ca42c99" testId="ee6f6197-8d67-150a-6767-af946a2ce1a4" testName="RacePutAndRemoveRef" computerName="JERICK-DEBUG" duration="00:01:11.1265675" startTime="2015-09-20T05:10:23.3457128-07:00" endTime="2015-09-20T05:11:34.9510731-07:00" testType="13cdc9d9-ddb5-4fa4-a97d-d965ccfc6d4b" outcome="Passed" testListId="8c84fa94-04c1-424b-9868-57a2d4851a1d" relativeResultsDirectory="2d05017c-aded-493f-a6b3-4e1d2ca42c99">
      <Output>
        <StdOut>Initial Key Ranges
[0000000000000000,a93bc2cc10a445e2]=&gt;'crteststorage1'[0001/0001](a93bc2cc10a445e2)
[a93bc2cc10a445e3,beffbb75dcdb50c5]=&gt;'crteststorage1'[0000/0001](beffbb75dcdb50c5)
[beffbb75dcdb50c6,ffffffffffffffff]=&gt;'crteststorage1'[0001/0001](a93bc2cc10a445e2)

Migrating Ranges

Final Key Ranges
[0000000000000000,a93bc2cc10a445e2]=&gt;'crteststorage1'[0001/0001](a93bc2cc10a445e2)
[a93bc2cc10a445e3,beffbb75dcdb50c5]=&gt;'crteststorage1'[0000/0001](beffbb75dcdb50c5)
[beffbb75dcdb50c6,ffffffffffffffff]=&gt;'crteststorage1'[0001/0001](a93bc2cc10a445e2)</StdOut>
      </Output>
    </UnitTestResult>
    <UnitTestResult executionId="4b6c2bb2-c468-4a15-ba95-ff1418517c26" testId="7faa7f9b-4702-50c0-ff7b-491534a1aa22" testName="RacePutAndRemoveRef" computerName="JERICK-DEBUG" duration="00:01:12.2662765" startTime="2015-09-20T05:10:23.3467130-07:00" endTime="2015-09-20T05:11:36.0937443-07:00" testType="13cdc9d9-ddb5-4fa4-a97d-d965ccfc6d4b" outcome="Passed" testListId="8c84fa94-04c1-424b-9868-57a2d4851a1d" relativeResultsDirectory="4b6c2bb2-c468-4a15-ba95-ff1418517c26">
      <Output>
        <StdOut>Initial Key Ranges
[0000000000000000,a93bc2cc10a445e2]=&gt;'crteststorage1'[0001/0001](a93bc2cc10a445e2)
[a93bc2cc10a445e3,beffbb75dcdb50c5]=&gt;'crteststorage1'[0000/0001](beffbb75dcdb50c5)
[beffbb75dcdb50c6,ffffffffffffffff]=&gt;'crteststorage1'[0001/0001](a93bc2cc10a445e2)

Migrating Ranges

Final Key Ranges
[0000000000000000,a93bc2cc10a445e2]=&gt;'crteststorage1'[0001/0001](a93bc2cc10a445e2)
[a93bc2cc10a445e3,beffbb75dcdb50c5]=&gt;'crteststorage1'[0000/0001](beffbb75dcdb50c5)
[beffbb75dcdb50c6,ffffffffffffffff]=&gt;'crteststorage1'[0001/0001](a93bc2cc10a445e2)</StdOut>
      </Output>
    </UnitTestResult>
    <UnitTestResult executionId="7b3491b5-9a8e-400b-9eac-ba2c8e47d0d5" testId="f3099256-bb2c-cc17-9f10-9e68cdcc0764" testName="RacePutAndRemoveRef" computerName="JERICK-DEBUG" duration="00:01:12.5901660" startTime="2015-09-20T05:10:23.3487120-07:00" endTime="2015-09-20T05:11:36.4171600-07:00" testType="13cdc9d9-ddb5-4fa4-a97d-d965ccfc6d4b" outcome="Passed" testListId="8c84fa94-04c1-424b-9868-57a2d4851a1d" relativeResultsDirectory="7b3491b5-9a8e-400b-9eac-ba2c8e47d0d5">
      <Output>
        <StdOut>Initial Key Ranges
[0000000000000000,a93bc2cc10a445e2]=&gt;'crteststorage1'[0001/0001](a93bc2cc10a445e2)
[a93bc2cc10a445e3,beffbb75dcdb50c5]=&gt;'crteststorage1'[0000/0001](beffbb75dcdb50c5)
[beffbb75dcdb50c6,ffffffffffffffff]=&gt;'crteststorage1'[0001/0001](a93bc2cc10a445e2)

Migrating Ranges

Final Key Ranges
[0000000000000000,a93bc2cc10a445e2]=&gt;'crteststorage1'[0001/0001](a93bc2cc10a445e2)
[a93bc2cc10a445e3,beffbb75dcdb50c5]=&gt;'crteststorage1'[0000/0001](beffbb75dcdb50c5)
[beffbb75dcdb50c6,ffffffffffffffff]=&gt;'crteststorage1'[0001/0001](a93bc2cc10a445e2)</StdOut>
      </Output>
    </UnitTestResult>
    <UnitTestResult executionId="1952bb0e-ca44-4b7b-a99c-1b1a90221550" testId="6e56bd79-865d-64e1-19f0-a8f47910cbb7" testName="RacePutAndRemoveRef" computerName="JERICK-DEBUG" duration="00:01:12.8832285" startTime="2015-09-20T05:10:23.3457128-07:00" endTime="2015-09-20T05:11:36.7076450-07:00" testType="13cdc9d9-ddb5-4fa4-a97d-d965ccfc6d4b" outcome="Passed" testListId="8c84fa94-04c1-424b-9868-57a2d4851a1d" relativeResultsDirectory="1952bb0e-ca44-4b7b-a99c-1b1a90221550">
      <Output>
        <StdOut>Initial Key Ranges
[0000000000000000,a93bc2cc10a445e2]=&gt;'crteststorage1'[0001/0001](a93bc2cc10a445e2)
[a93bc2cc10a445e3,beffbb75dcdb50c5]=&gt;'crteststorage1'[0000/0001](beffbb75dcdb50c5)
[beffbb75dcdb50c6,ffffffffffffffff]=&gt;'crteststorage1'[0001/0001](a93bc2cc10a445e2)

Migrating Ranges

Final Key Ranges
[0000000000000000,a93bc2cc10a445e2]=&gt;'crteststorage1'[0001/0001](a93bc2cc10a445e2)
[a93bc2cc10a445e3,beffbb75dcdb50c5]=&gt;'crteststorage1'[0000/0001](beffbb75dcdb50c5)
[beffbb75dcdb50c6,ffffffffffffffff]=&gt;'crteststorage1'[0001/0001](a93bc2cc10a445e2)</StdOut>
      </Output>
    </UnitTestResult>
  </Results>
  <TestDefinitions>
    <UnitTest name="RacePutAndRemoveRef" storage="microsoft.visualstudio.services.blobstore.server.l0.tests.dll" id="443db2cd-c77d-3596-095d-d9bbfc4a7038">
      <Execution id="848df858-a9bc-479a-8fba-792ffed4e6c2" />
      <TestMethod codeBase="Microsoft.VisualStudio.Services.BlobStore.Server.L0.Tests.dll" adapterTypeName="Microsoft.VisualStudio.TestTools.TestTypes.Unit.UnitTestAdapter" className="Microsoft.VisualStudio.Services.BlobStore.Server.L0.Tests.LiveAzureBlobBlobStoreServiceTestsBug11" name="RacePutAndRemoveRef" />
    </UnitTest>
    <UnitTest name="RacePutAndRemoveRef" storage="microsoft.visualstudio.services.blobstore.server.l0.tests.dll" id="c1e6b25f-25d9-cb6a-a208-ba8b01bd50a4">
      <Execution id="a2d1bda2-5198-46a5-bb97-2b33db77a367" />
      <TestMethod codeBase="Microsoft.VisualStudio.Services.BlobStore.Server.L0.Tests.dll" adapterTypeName="Microsoft.VisualStudio.TestTools.TestTypes.Unit.UnitTestAdapter" className="Microsoft.VisualStudio.Services.BlobStore.Server.L0.Tests.LiveAzureBlobBlobStoreServiceTestsBug9" name="RacePutAndRemoveRef" />
    </UnitTest>
    <UnitTest name="RacePutAndRemoveRef" storage="microsoft.visualstudio.services.blobstore.server.l0.tests.dll" id="836b3c16-7665-2572-3f85-38231c175bff">
      <Execution id="5c579229-25a0-4c30-849e-b09fcc8645b3" />
      <TestMethod codeBase="Microsoft.VisualStudio.Services.BlobStore.Server.L0.Tests.dll" adapterTypeName="Microsoft.VisualStudio.TestTools.TestTypes.Unit.UnitTestAdapter" className="Microsoft.VisualStudio.Services.BlobStore.Server.L0.Tests.LiveAzureBlobBlobStoreServiceTestsBug4" name="RacePutAndRemoveRef" />
    </UnitTest>
    <UnitTest name="RacePutAndRemoveRef" storage="microsoft.visualstudio.services.blobstore.server.l0.tests.dll" id="d462c53a-1744-7cc3-ae07-8b374f7d0810">
      <Execution id="2f31a6f7-2dd2-4bb3-b7d2-8f31d77403dd" />
      <TestMethod codeBase="Microsoft.VisualStudio.Services.BlobStore.Server.L0.Tests.dll" adapterTypeName="Microsoft.VisualStudio.TestTools.TestTypes.Unit.UnitTestAdapter" className="Microsoft.VisualStudio.Services.BlobStore.Server.L0.Tests.LiveAzureBlobBlobStoreServiceTestsBug0" name="RacePutAndRemoveRef" />
    </UnitTest>
    <UnitTest name="RacePutAndRemoveRef" storage="microsoft.visualstudio.services.blobstore.server.l0.tests.dll" id="12481cf1-7455-4710-7a10-f1bb4f40b9ef">
      <Execution id="4a3498a2-70cf-48dd-b6d9-51286b9628f6" />
      <TestMethod codeBase="Microsoft.VisualStudio.Services.BlobStore.Server.L0.Tests.dll" adapterTypeName="Microsoft.VisualStudio.TestTools.TestTypes.Unit.UnitTestAdapter" className="Microsoft.VisualStudio.Services.BlobStore.Server.L0.Tests.LiveAzureBlobBlobStoreServiceTestsBug10" name="RacePutAndRemoveRef" />
    </UnitTest>
    <UnitTest name="RacePutAndRemoveRef" storage="microsoft.visualstudio.services.blobstore.server.l0.tests.dll" id="dc26e5ce-3411-c7c2-ecbc-fba46c19ac22">
      <Execution id="b48903a4-1c67-4d84-8ada-e8177c5ded37" />
      <TestMethod codeBase="Microsoft.VisualStudio.Services.BlobStore.Server.L0.Tests.dll" adapterTypeName="Microsoft.VisualStudio.TestTools.TestTypes.Unit.UnitTestAdapter" className="Microsoft.VisualStudio.Services.BlobStore.Server.L0.Tests.LiveAzureBlobBlobStoreServiceTestsBug6" name="RacePutAndRemoveRef" />
    </UnitTest>
    <UnitTest name="RacePutAndRemoveRef" storage="microsoft.visualstudio.services.blobstore.server.l0.tests.dll" id="e67cd4fb-2705-ba86-f550-699ae079a2b6">
      <Execution id="92836fff-460d-40a5-98ae-792ee76ec7e4" />
      <TestMethod codeBase="Microsoft.VisualStudio.Services.BlobStore.Server.L0.Tests.dll" adapterTypeName="Microsoft.VisualStudio.TestTools.TestTypes.Unit.UnitTestAdapter" className="Microsoft.VisualStudio.Services.BlobStore.Server.L0.Tests.LiveAzureBlobBlobStoreServiceTests" name="RacePutAndRemoveRef" />
    </UnitTest>
    <UnitTest name="RacePutAndRemoveRef" storage="microsoft.visualstudio.services.blobstore.server.l0.tests.dll" id="5fee29a3-664b-6067-26ff-9f54bbe7090e">
      <Execution id="a7aaa220-f1d2-4ce9-8639-6543298a8292" />
      <TestMethod codeBase="Microsoft.VisualStudio.Services.BlobStore.Server.L0.Tests.dll" adapterTypeName="Microsoft.VisualStudio.TestTools.TestTypes.Unit.UnitTestAdapter" className="Microsoft.VisualStudio.Services.BlobStore.Server.L0.Tests.LiveAzureBlobBlobStoreServiceTestsBug1" name="RacePutAndRemoveRef" />
    </UnitTest>
    <UnitTest name="RacePutAndRemoveRef" storage="microsoft.visualstudio.services.blobstore.server.l0.tests.dll" id="b8159cc6-344a-6c9e-23f9-3a418274c9a6">
      <Execution id="918d8565-b3de-44e2-b23c-15476379bd8d" />
      <TestMethod codeBase="Microsoft.VisualStudio.Services.BlobStore.Server.L0.Tests.dll" adapterTypeName="Microsoft.VisualStudio.TestTools.TestTypes.Unit.UnitTestAdapter" className="Microsoft.VisualStudio.Services.BlobStore.Server.L0.Tests.LiveAzureBlobBlobStoreServiceTestsBug3" name="RacePutAndRemoveRef" />
    </UnitTest>
    <UnitTest name="RacePutAndRemoveRef" storage="microsoft.visualstudio.services.blobstore.server.l0.tests.dll" id="ee6f6197-8d67-150a-6767-af946a2ce1a4">
      <Execution id="2d05017c-aded-493f-a6b3-4e1d2ca42c99" />
      <TestMethod codeBase="Microsoft.VisualStudio.Services.BlobStore.Server.L0.Tests.dll" adapterTypeName="Microsoft.VisualStudio.TestTools.TestTypes.Unit.UnitTestAdapter" className="Microsoft.VisualStudio.Services.BlobStore.Server.L0.Tests.LiveAzureBlobBlobStoreServiceTestsBug8" name="RacePutAndRemoveRef" />
    </UnitTest>
    <UnitTest name="RacePutAndRemoveRef" storage="microsoft.visualstudio.services.blobstore.server.l0.tests.dll" id="7faa7f9b-4702-50c0-ff7b-491534a1aa22">
      <Execution id="4b6c2bb2-c468-4a15-ba95-ff1418517c26" />
      <TestMethod codeBase="Microsoft.VisualStudio.Services.BlobStore.Server.L0.Tests.dll" adapterTypeName="Microsoft.VisualStudio.TestTools.TestTypes.Unit.UnitTestAdapter" className="Microsoft.VisualStudio.Services.BlobStore.Server.L0.Tests.LiveAzureBlobBlobStoreServiceTestsBug5" name="RacePutAndRemoveRef" />
    </UnitTest>
    <UnitTest name="RacePutAndRemoveRef" storage="microsoft.visualstudio.services.blobstore.server.l0.tests.dll" id="f3099256-bb2c-cc17-9f10-9e68cdcc0764">
      <Execution id="7b3491b5-9a8e-400b-9eac-ba2c8e47d0d5" />
      <TestMethod codeBase="Microsoft.VisualStudio.Services.BlobStore.Server.L0.Tests.dll" adapterTypeName="Microsoft.VisualStudio.TestTools.TestTypes.Unit.UnitTestAdapter" className="Microsoft.VisualStudio.Services.BlobStore.Server.L0.Tests.LiveAzureBlobBlobStoreServiceTestsBug2" name="RacePutAndRemoveRef" />
    </UnitTest>
    <UnitTest name="RacePutAndRemoveRef" storage="microsoft.visualstudio.services.blobstore.server.l0.tests.dll" id="6e56bd79-865d-64e1-19f0-a8f47910cbb7">
      <Execution id="1952bb0e-ca44-4b7b-a99c-1b1a90221550" />
      <TestMethod codeBase="Microsoft.VisualStudio.Services.BlobStore.Server.L0.Tests.dll" adapterTypeName="Microsoft.VisualStudio.TestTools.TestTypes.Unit.UnitTestAdapter" className="Microsoft.VisualStudio.Services.BlobStore.Server.L0.Tests.LiveAzureBlobBlobStoreServiceTestsBug7" name="RacePutAndRemoveRef" />
    </UnitTest>
  </TestDefinitions>
  <TestEntries>
    <TestEntry testId="443db2cd-c77d-3596-095d-d9bbfc4a7038" executionId="848df858-a9bc-479a-8fba-792ffed4e6c2" testListId="8c84fa94-04c1-424b-9868-57a2d4851a1d" />
    <TestEntry testId="c1e6b25f-25d9-cb6a-a208-ba8b01bd50a4" executionId="a2d1bda2-5198-46a5-bb97-2b33db77a367" testListId="8c84fa94-04c1-424b-9868-57a2d4851a1d" />
    <TestEntry testId="836b3c16-7665-2572-3f85-38231c175bff" executionId="5c579229-25a0-4c30-849e-b09fcc8645b3" testListId="8c84fa94-04c1-424b-9868-57a2d4851a1d" />
    <TestEntry testId="d462c53a-1744-7cc3-ae07-8b374f7d0810" executionId="2f31a6f7-2dd2-4bb3-b7d2-8f31d77403dd" testListId="8c84fa94-04c1-424b-9868-57a2d4851a1d" />
    <TestEntry testId="12481cf1-7455-4710-7a10-f1bb4f40b9ef" executionId="4a3498a2-70cf-48dd-b6d9-51286b9628f6" testListId="8c84fa94-04c1-424b-9868-57a2d4851a1d" />
    <TestEntry testId="dc26e5ce-3411-c7c2-ecbc-fba46c19ac22" executionId="b48903a4-1c67-4d84-8ada-e8177c5ded37" testListId="8c84fa94-04c1-424b-9868-57a2d4851a1d" />
    <TestEntry testId="e67cd4fb-2705-ba86-f550-699ae079a2b6" executionId="92836fff-460d-40a5-98ae-792ee76ec7e4" testListId="8c84fa94-04c1-424b-9868-57a2d4851a1d" />
    <TestEntry testId="5fee29a3-664b-6067-26ff-9f54bbe7090e" executionId="a7aaa220-f1d2-4ce9-8639-6543298a8292" testListId="8c84fa94-04c1-424b-9868-57a2d4851a1d" />
    <TestEntry testId="b8159cc6-344a-6c9e-23f9-3a418274c9a6" executionId="918d8565-b3de-44e2-b23c-15476379bd8d" testListId="8c84fa94-04c1-424b-9868-57a2d4851a1d" />
    <TestEntry testId="ee6f6197-8d67-150a-6767-af946a2ce1a4" executionId="2d05017c-aded-493f-a6b3-4e1d2ca42c99" testListId="8c84fa94-04c1-424b-9868-57a2d4851a1d" />
    <TestEntry testId="7faa7f9b-4702-50c0-ff7b-491534a1aa22" executionId="4b6c2bb2-c468-4a15-ba95-ff1418517c26" testListId="8c84fa94-04c1-424b-9868-57a2d4851a1d" />
    <TestEntry testId="f3099256-bb2c-cc17-9f10-9e68cdcc0764" executionId="7b3491b5-9a8e-400b-9eac-ba2c8e47d0d5" testListId="8c84fa94-04c1-424b-9868-57a2d4851a1d" />
    <TestEntry testId="6e56bd79-865d-64e1-19f0-a8f47910cbb7" executionId="1952bb0e-ca44-4b7b-a99c-1b1a90221550" testListId="8c84fa94-04c1-424b-9868-57a2d4851a1d" />
  </TestEntries>
  <TestLists>
    <TestList name="Results Not in a List" id="8c84fa94-04c1-424b-9868-57a2d4851a1d" />
    <TestList name="All Loaded Results" id="19431567-8539-422a-85d7-44ee4e166bda" />
  </TestLists>
  <ResultSummary outcome="Completed">
    <Counters total="13" executed="13" passed="13" failed="0" error="0" timeout="0" aborted="0" inconclusive="0" passedButRunAborted="0" notRunnable="0" notExecuted="0" disconnected="0" warning="0" completed="0" inProgress="0" pending="0" />
    <RunInfos>
      <RunInfo computerName="JERICK-DEBUG" outcome="Warning" timestamp="2015-09-20T05:11:37.4397055-07:00">
        <Text>Warning: Test Run deployment issue: The assembly or module 'System.Web.WebPages' directly or indirectly referenced by the test container 'D:\src\Artifact2\bin\Debug.AnyCPU\BlobStore.Service.L0\MS.VS.Services.BlobStore.Server.L0.Tests\microsoft.visualstudio.services.blobstore.server.l0.tests.dll' was not found.</Text>
      </RunInfo>
    </RunInfos>
  </ResultSummary>
</TestRun>