<?xml version="1.0" encoding="UTF-8"?>
<TestRun id="79163ab2-d8f5-4cfd-b2bf-daceddfbf544" name="jerick@JERICK-DEBUG 2015-09-20 02:52:42" runUser="REDMOND\jerick" xmlns="http://microsoft.com/schemas/VisualStudio/TeamTest/2010">
  <Times creation="2015-09-20T02:52:42.1768112-07:00" queuing="2015-09-20T02:52:42.1768112-07:00" start="2015-09-20T02:52:42.1818112-07:00" finish="2015-09-20T02:52:46.8685168-07:00" />
  <TestSettings name="default" id="5134c175-d487-48eb-a480-06d831182ae7">
    <Execution>
      <TestTypeSpecific />
    </Execution>
    <Deployment runDeploymentRoot="jerick_JERICK-DEBUG 2015-09-20 02_52_42" />
    <Properties />
  </TestSettings>
  <Results>
    <UnitTestResult executionId="2f4168d6-ccc1-4b76-8033-ce49f50135d0" testId="836b3c16-7665-2572-3f85-38231c175bff" testName="RacePutAndRemoveRef" computerName="JERICK-DEBUG" duration="00:01:21.0384996" startTime="2015-09-20T02:51:19.1501061-07:00" endTime="2015-09-20T02:52:40.6728251-07:00" testType="13cdc9d9-ddb5-4fa4-a97d-d965ccfc6d4b" outcome="Passed" testListId="8c84fa94-04c1-424b-9868-57a2d4851a1d" relativeResultsDirectory="2f4168d6-ccc1-4b76-8033-ce49f50135d0">
      <Output>
        <StdOut>Initial Key Ranges
[0000000000000000,a93bc2cc10a445e2]=&gt;'crteststorage1'[0001/0001](a93bc2cc10a445e2)
[a93bc2cc10a445e3,beffbb75dcdb50c5]=&gt;'crteststorage1'[0000/0001](beffbb75dcdb50c5)
[beffbb75dcdb50c6,ffffffffffffffff]=&gt;'crteststorage1'[0001/0001](a93bc2cc10a445e2)

Migrating Ranges

Final Key Ranges
[0000000000000000,a93bc2cc10a445e2]=&gt;'crteststorage1'[0001/0001](a93bc2cc10a445e2)
[a93bc2cc10a445e3,beffbb75dcdb50c5]=&gt;'crteststorage1'[0000/0001](beffbb75dcdb50c5)
[beffbb75dcdb50c6,ffffffffffffffff]=&gt;'crteststorage1'[0001/0001](a93bc2cc10a445e2)</StdOut>
      </Output>
    </UnitTestResult>
    <UnitTestResult executionId="0e9fb0cc-7488-40cd-9c1d-6f4104c21178" testId="f3099256-bb2c-cc17-9f10-9e68cdcc0764" testName="RacePutAndRemoveRef" computerName="JERICK-DEBUG" duration="00:01:21.4229164" startTime="2015-09-20T02:51:19.1491064-07:00" endTime="2015-09-20T02:52:41.0328574-07:00" testType="13cdc9d9-ddb5-4fa4-a97d-d965ccfc6d4b" outcome="Passed" testListId="8c84fa94-04c1-424b-9868-57a2d4851a1d" relativeResultsDirectory="0e9fb0cc-7488-40cd-9c1d-6f4104c21178">
      <Output>
        <StdOut>Initial Key Ranges
[0000000000000000,a93bc2cc10a445e2]=&gt;'crteststorage1'[0001/0001](a93bc2cc10a445e2)
[a93bc2cc10a445e3,beffbb75dcdb50c5]=&gt;'crteststorage1'[0000/0001](beffbb75dcdb50c5)
[beffbb75dcdb50c6,ffffffffffffffff]=&gt;'crteststorage1'[0001/0001](a93bc2cc10a445e2)

Migrating Ranges

Final Key Ranges
[0000000000000000,a93bc2cc10a445e2]=&gt;'crteststorage1'[0001/0001](a93bc2cc10a445e2)
[a93bc2cc10a445e3,beffbb75dcdb50c5]=&gt;'crteststorage1'[0000/0001](beffbb75dcdb50c5)
[beffbb75dcdb50c6,ffffffffffffffff]=&gt;'crteststorage1'[0001/0001](a93bc2cc10a445e2)</StdOut>
      </Output>
    </UnitTestResult>
    <UnitTestResult executionId="8a1e09a3-27c2-4cf4-a8d2-f4d896a9c31d" testId="d462c53a-1744-7cc3-ae07-8b374f7d0810" testName="RacePutAndRemoveRef" computerName="JERICK-DEBUG" duration="00:01:22.1227499" startTime="2015-09-20T02:51:19.1501061-07:00" endTime="2015-09-20T02:52:41.7325813-07:00" testType="13cdc9d9-ddb5-4fa4-a97d-d965ccfc6d4b" outcome="Passed" testListId="8c84fa94-04c1-424b-9868-57a2d4851a1d" relativeResultsDirectory="8a1e09a3-27c2-4cf4-a8d2-f4d896a9c31d">
      <Output>
        <StdOut>Initial Key Ranges
[0000000000000000,a93bc2cc10a445e2]=&gt;'crteststorage1'[0001/0001](a93bc2cc10a445e2)
[a93bc2cc10a445e3,beffbb75dcdb50c5]=&gt;'crteststorage1'[0000/0001](beffbb75dcdb50c5)
[beffbb75dcdb50c6,ffffffffffffffff]=&gt;'crteststorage1'[0001/0001](a93bc2cc10a445e2)

Migrating Ranges

Final Key Ranges
[0000000000000000,a93bc2cc10a445e2]=&gt;'crteststorage1'[0001/0001](a93bc2cc10a445e2)
[a93bc2cc10a445e3,beffbb75dcdb50c5]=&gt;'crteststorage1'[0000/0001](beffbb75dcdb50c5)
[beffbb75dcdb50c6,ffffffffffffffff]=&gt;'crteststorage1'[0001/0001](a93bc2cc10a445e2)</StdOut>
      </Output>
    </UnitTestResult>
    <UnitTestResult executionId="3b57db8b-9c99-4172-a5cc-63a7f7bbeca5" testId="b8159cc6-344a-6c9e-23f9-3a418274c9a6" testName="RacePutAndRemoveRef" computerName="JERICK-DEBUG" duration="00:01:22.6136820" startTime="2015-09-20T02:51:19.1521061-07:00" endTime="2015-09-20T02:52:42.2238152-07:00" testType="13cdc9d9-ddb5-4fa4-a97d-d965ccfc6d4b" outcome="Passed" testListId="8c84fa94-04c1-424b-9868-57a2d4851a1d" relativeResultsDirectory="3b57db8b-9c99-4172-a5cc-63a7f7bbeca5">
      <Output>
        <StdOut>Initial Key Ranges
[0000000000000000,a93bc2cc10a445e2]=&gt;'crteststorage1'[0001/0001](a93bc2cc10a445e2)
[a93bc2cc10a445e3,beffbb75dcdb50c5]=&gt;'crteststorage1'[0000/0001](beffbb75dcdb50c5)
[beffbb75dcdb50c6,ffffffffffffffff]=&gt;'crteststorage1'[0001/0001](a93bc2cc10a445e2)

Migrating Ranges

Final Key Ranges
[0000000000000000,a93bc2cc10a445e2]=&gt;'crteststorage1'[0001/0001](a93bc2cc10a445e2)
[a93bc2cc10a445e3,beffbb75dcdb50c5]=&gt;'crteststorage1'[0000/0001](beffbb75dcdb50c5)
[beffbb75dcdb50c6,ffffffffffffffff]=&gt;'crteststorage1'[0001/0001](a93bc2cc10a445e2)</StdOut>
      </Output>
    </UnitTestResult>
    <UnitTestResult executionId="cec8dc10-119e-4e92-98d6-ba0e804ac180" testId="5fee29a3-664b-6067-26ff-9f54bbe7090e" testName="RacePutAndRemoveRef" computerName="JERICK-DEBUG" duration="00:01:22.9532814" startTime="2015-09-20T02:51:19.1501061-07:00" endTime="2015-09-20T02:52:42.5630006-07:00" testType="13cdc9d9-ddb5-4fa4-a97d-d965ccfc6d4b" outcome="Passed" testListId="8c84fa94-04c1-424b-9868-57a2d4851a1d" relativeResultsDirectory="cec8dc10-119e-4e92-98d6-ba0e804ac180">
      <Output>
        <StdOut>Initial Key Ranges
[0000000000000000,a93bc2cc10a445e2]=&gt;'crteststorage1'[0001/0001](a93bc2cc10a445e2)
[a93bc2cc10a445e3,beffbb75dcdb50c5]=&gt;'crteststorage1'[0000/0001](beffbb75dcdb50c5)
[beffbb75dcdb50c6,ffffffffffffffff]=&gt;'crteststorage1'[0001/0001](a93bc2cc10a445e2)

Migrating Ranges

Final Key Ranges
[0000000000000000,a93bc2cc10a445e2]=&gt;'crteststorage1'[0001/0001](a93bc2cc10a445e2)
[a93bc2cc10a445e3,beffbb75dcdb50c5]=&gt;'crteststorage1'[0000/0001](beffbb75dcdb50c5)
[beffbb75dcdb50c6,ffffffffffffffff]=&gt;'crteststorage1'[0001/0001](a93bc2cc10a445e2)</StdOut>
      </Output>
    </UnitTestResult>
    <UnitTestResult executionId="4c7fe8cb-7466-4ad7-8a1c-f3f97f535bfd" testId="12481cf1-7455-4710-7a10-f1bb4f40b9ef" testName="RacePutAndRemoveRef" computerName="JERICK-DEBUG" duration="00:01:23.0307172" startTime="2015-09-20T02:51:19.1501061-07:00" endTime="2015-09-20T02:52:42.6410098-07:00" testType="13cdc9d9-ddb5-4fa4-a97d-d965ccfc6d4b" outcome="Passed" testListId="8c84fa94-04c1-424b-9868-57a2d4851a1d" relativeResultsDirectory="4c7fe8cb-7466-4ad7-8a1c-f3f97f535bfd">
      <Output>
        <StdOut>Initial Key Ranges
[0000000000000000,a93bc2cc10a445e2]=&gt;'crteststorage1'[0001/0001](a93bc2cc10a445e2)
[a93bc2cc10a445e3,beffbb75dcdb50c5]=&gt;'crteststorage1'[0000/0001](beffbb75dcdb50c5)
[beffbb75dcdb50c6,ffffffffffffffff]=&gt;'crteststorage1'[0001/0001](a93bc2cc10a445e2)

Migrating Ranges

Final Key Ranges
[0000000000000000,a93bc2cc10a445e2]=&gt;'crteststorage1'[0001/0001](a93bc2cc10a445e2)
[a93bc2cc10a445e3,beffbb75dcdb50c5]=&gt;'crteststorage1'[0000/0001](beffbb75dcdb50c5)
[beffbb75dcdb50c6,ffffffffffffffff]=&gt;'crteststorage1'[0001/0001](a93bc2cc10a445e2)</StdOut>
      </Output>
    </UnitTestResult>
    <UnitTestResult executionId="44afdff1-4f2b-4f9d-9421-1b29fa1547a1" testId="dc26e5ce-3411-c7c2-ecbc-fba46c19ac22" testName="RacePutAndRemoveRef" computerName="JERICK-DEBUG" duration="00:01:23.2605689" startTime="2015-09-20T02:51:19.1491064-07:00" endTime="2015-09-20T02:52:42.8708831-07:00" testType="13cdc9d9-ddb5-4fa4-a97d-d965ccfc6d4b" outcome="Passed" testListId="8c84fa94-04c1-424b-9868-57a2d4851a1d" relativeResultsDirectory="44afdff1-4f2b-4f9d-9421-1b29fa1547a1">
      <Output>
        <StdOut>Initial Key Ranges
[0000000000000000,a93bc2cc10a445e2]=&gt;'crteststorage1'[0001/0001](a93bc2cc10a445e2)
[a93bc2cc10a445e3,beffbb75dcdb50c5]=&gt;'crteststorage1'[0000/0001](beffbb75dcdb50c5)
[beffbb75dcdb50c6,ffffffffffffffff]=&gt;'crteststorage1'[0001/0001](a93bc2cc10a445e2)

Migrating Ranges

Final Key Ranges
[0000000000000000,a93bc2cc10a445e2]=&gt;'crteststorage1'[0001/0001](a93bc2cc10a445e2)
[a93bc2cc10a445e3,beffbb75dcdb50c5]=&gt;'crteststorage1'[0000/0001](beffbb75dcdb50c5)
[beffbb75dcdb50c6,ffffffffffffffff]=&gt;'crteststorage1'[0001/0001](a93bc2cc10a445e2)</StdOut>
      </Output>
    </UnitTestResult>
    <UnitTestResult executionId="eafa9b6f-39f6-4b02-a8c9-b50df176bb53" testId="c1e6b25f-25d9-cb6a-a208-ba8b01bd50a4" testName="RacePutAndRemoveRef" computerName="JERICK-DEBUG" duration="00:01:23.9739326" startTime="2015-09-20T02:51:19.1491064-07:00" endTime="2015-09-20T02:52:43.5845786-07:00" testType="13cdc9d9-ddb5-4fa4-a97d-d965ccfc6d4b" outcome="Passed" testListId="8c84fa94-04c1-424b-9868-57a2d4851a1d" relativeResultsDirectory="eafa9b6f-39f6-4b02-a8c9-b50df176bb53">
      <Output>
        <StdOut>Initial Key Ranges
[0000000000000000,a93bc2cc10a445e2]=&gt;'crteststorage1'[0001/0001](a93bc2cc10a445e2)
[a93bc2cc10a445e3,beffbb75dcdb50c5]=&gt;'crteststorage1'[0000/0001](beffbb75dcdb50c5)
[beffbb75dcdb50c6,ffffffffffffffff]=&gt;'crteststorage1'[0001/0001](a93bc2cc10a445e2)

Migrating Ranges

Final Key Ranges
[0000000000000000,a93bc2cc10a445e2]=&gt;'crteststorage1'[0001/0001](a93bc2cc10a445e2)
[a93bc2cc10a445e3,beffbb75dcdb50c5]=&gt;'crteststorage1'[0000/0001](beffbb75dcdb50c5)
[beffbb75dcdb50c6,ffffffffffffffff]=&gt;'crteststorage1'[0001/0001](a93bc2cc10a445e2)</StdOut>
      </Output>
    </UnitTestResult>
    <UnitTestResult executionId="246acdf8-1b09-4dcd-83b9-dd8be9d3d56a" testId="6e56bd79-865d-64e1-19f0-a8f47910cbb7" testName="RacePutAndRemoveRef" computerName="JERICK-DEBUG" duration="00:01:24.1144458" startTime="2015-09-20T02:51:19.1491064-07:00" endTime="2015-09-20T02:52:43.7245938-07:00" testType="13cdc9d9-ddb5-4fa4-a97d-d965ccfc6d4b" outcome="Passed" testListId="8c84fa94-04c1-424b-9868-57a2d4851a1d" relativeResultsDirectory="246acdf8-1b09-4dcd-83b9-dd8be9d3d56a">
      <Output>
        <StdOut>Initial Key Ranges
[0000000000000000,a93bc2cc10a445e2]=&gt;'crteststorage1'[0001/0001](a93bc2cc10a445e2)
[a93bc2cc10a445e3,beffbb75dcdb50c5]=&gt;'crteststorage1'[0000/0001](beffbb75dcdb50c5)
[beffbb75dcdb50c6,ffffffffffffffff]=&gt;'crteststorage1'[0001/0001](a93bc2cc10a445e2)

Migrating Ranges

Final Key Ranges
[0000000000000000,a93bc2cc10a445e2]=&gt;'crteststorage1'[0001/0001](a93bc2cc10a445e2)
[a93bc2cc10a445e3,beffbb75dcdb50c5]=&gt;'crteststorage1'[0000/0001](beffbb75dcdb50c5)
[beffbb75dcdb50c6,ffffffffffffffff]=&gt;'crteststorage1'[0001/0001](a93bc2cc10a445e2)</StdOut>
      </Output>
    </UnitTestResult>
    <UnitTestResult executionId="f6520413-190c-4a44-98da-5abf35473f28" testId="7faa7f9b-4702-50c0-ff7b-491534a1aa22" testName="RacePutAndRemoveRef" computerName="JERICK-DEBUG" duration="00:01:25.2590653" startTime="2015-09-20T02:51:19.1501061-07:00" endTime="2015-09-20T02:52:44.8695794-07:00" testType="13cdc9d9-ddb5-4fa4-a97d-d965ccfc6d4b" outcome="Passed" testListId="8c84fa94-04c1-424b-9868-57a2d4851a1d" relativeResultsDirectory="f6520413-190c-4a44-98da-5abf35473f28">
      <Output>
        <StdOut>Initial Key Ranges
[0000000000000000,a93bc2cc10a445e2]=&gt;'crteststorage1'[0001/0001](a93bc2cc10a445e2)
[a93bc2cc10a445e3,beffbb75dcdb50c5]=&gt;'crteststorage1'[0000/0001](beffbb75dcdb50c5)
[beffbb75dcdb50c6,ffffffffffffffff]=&gt;'crteststorage1'[0001/0001](a93bc2cc10a445e2)

Migrating Ranges

Final Key Ranges
[0000000000000000,a93bc2cc10a445e2]=&gt;'crteststorage1'[0001/0001](a93bc2cc10a445e2)
[a93bc2cc10a445e3,beffbb75dcdb50c5]=&gt;'crteststorage1'[0000/0001](beffbb75dcdb50c5)
[beffbb75dcdb50c6,ffffffffffffffff]=&gt;'crteststorage1'[0001/0001](a93bc2cc10a445e2)</StdOut>
      </Output>
    </UnitTestResult>
    <UnitTestResult executionId="7e9fae36-f78e-41e0-acf0-d37f7ef9ad63" testId="ee6f6197-8d67-150a-6767-af946a2ce1a4" testName="RacePutAndRemoveRef" computerName="JERICK-DEBUG" duration="00:01:25.3236529" startTime="2015-09-20T02:51:19.1491064-07:00" endTime="2015-09-20T02:52:44.9335796-07:00" testType="13cdc9d9-ddb5-4fa4-a97d-d965ccfc6d4b" outcome="Passed" testListId="8c84fa94-04c1-424b-9868-57a2d4851a1d" relativeResultsDirectory="7e9fae36-f78e-41e0-acf0-d37f7ef9ad63">
      <Output>
        <StdOut>Initial Key Ranges
[0000000000000000,a93bc2cc10a445e2]=&gt;'crteststorage1'[0001/0001](a93bc2cc10a445e2)
[a93bc2cc10a445e3,beffbb75dcdb50c5]=&gt;'crteststorage1'[0000/0001](beffbb75dcdb50c5)
[beffbb75dcdb50c6,ffffffffffffffff]=&gt;'crteststorage1'[0001/0001](a93bc2cc10a445e2)

Migrating Ranges

Final Key Ranges
[0000000000000000,a93bc2cc10a445e2]=&gt;'crteststorage1'[0001/0001](a93bc2cc10a445e2)
[a93bc2cc10a445e3,beffbb75dcdb50c5]=&gt;'crteststorage1'[0000/0001](beffbb75dcdb50c5)
[beffbb75dcdb50c6,ffffffffffffffff]=&gt;'crteststorage1'[0001/0001](a93bc2cc10a445e2)</StdOut>
      </Output>
    </UnitTestResult>
    <UnitTestResult executionId="d7ffe32a-3f22-4340-8e6b-c0588da34c0f" testId="443db2cd-c77d-3596-095d-d9bbfc4a7038" testName="RacePutAndRemoveRef" computerName="JERICK-DEBUG" duration="00:01:25.3323730" startTime="2015-09-20T02:51:19.1501061-07:00" endTime="2015-09-20T02:52:44.9425855-07:00" testType="13cdc9d9-ddb5-4fa4-a97d-d965ccfc6d4b" outcome="Passed" testListId="8c84fa94-04c1-424b-9868-57a2d4851a1d" relativeResultsDirectory="d7ffe32a-3f22-4340-8e6b-c0588da34c0f">
      <Output>
        <StdOut>Initial Key Ranges
[0000000000000000,a93bc2cc10a445e2]=&gt;'crteststorage1'[0001/0001](a93bc2cc10a445e2)
[a93bc2cc10a445e3,beffbb75dcdb50c5]=&gt;'crteststorage1'[0000/0001](beffbb75dcdb50c5)
[beffbb75dcdb50c6,ffffffffffffffff]=&gt;'crteststorage1'[0001/0001](a93bc2cc10a445e2)

Migrating Ranges

Final Key Ranges
[0000000000000000,a93bc2cc10a445e2]=&gt;'crteststorage1'[0001/0001](a93bc2cc10a445e2)
[a93bc2cc10a445e3,beffbb75dcdb50c5]=&gt;'crteststorage1'[0000/0001](beffbb75dcdb50c5)
[beffbb75dcdb50c6,ffffffffffffffff]=&gt;'crteststorage1'[0001/0001](a93bc2cc10a445e2)</StdOut>
      </Output>
    </UnitTestResult>
    <UnitTestResult executionId="e9ae4aa9-7ed8-49aa-b56e-6c56f5a473c7" testId="e67cd4fb-2705-ba86-f550-699ae079a2b6" testName="RacePutAndRemoveRef" computerName="JERICK-DEBUG" duration="00:01:26.5537001" startTime="2015-09-20T02:51:19.1501061-07:00" endTime="2015-09-20T02:52:46.1634158-07:00" testType="13cdc9d9-ddb5-4fa4-a97d-d965ccfc6d4b" outcome="Passed" testListId="8c84fa94-04c1-424b-9868-57a2d4851a1d" relativeResultsDirectory="e9ae4aa9-7ed8-49aa-b56e-6c56f5a473c7">
      <Output>
        <StdOut>Initial Key Ranges
[0000000000000000,a93bc2cc10a445e2]=&gt;'crteststorage1'[0001/0001](a93bc2cc10a445e2)
[a93bc2cc10a445e3,beffbb75dcdb50c5]=&gt;'crteststorage1'[0000/0001](beffbb75dcdb50c5)
[beffbb75dcdb50c6,ffffffffffffffff]=&gt;'crteststorage1'[0001/0001](a93bc2cc10a445e2)

Migrating Ranges

Final Key Ranges
[0000000000000000,a93bc2cc10a445e2]=&gt;'crteststorage1'[0001/0001](a93bc2cc10a445e2)
[a93bc2cc10a445e3,beffbb75dcdb50c5]=&gt;'crteststorage1'[0000/0001](beffbb75dcdb50c5)
[beffbb75dcdb50c6,ffffffffffffffff]=&gt;'crteststorage1'[0001/0001](a93bc2cc10a445e2)</StdOut>
      </Output>
    </UnitTestResult>
  </Results>
  <TestDefinitions>
    <UnitTest name="RacePutAndRemoveRef" storage="microsoft.visualstudio.services.blobstore.server.l0.tests.dll" id="836b3c16-7665-2572-3f85-38231c175bff">
      <Execution id="2f4168d6-ccc1-4b76-8033-ce49f50135d0" />
      <TestMethod codeBase="Microsoft.VisualStudio.Services.BlobStore.Server.L0.Tests.dll" adapterTypeName="Microsoft.VisualStudio.TestTools.TestTypes.Unit.UnitTestAdapter" className="Microsoft.VisualStudio.Services.BlobStore.Server.L0.Tests.LiveAzureBlobBlobStoreServiceTestsBug4" name="RacePutAndRemoveRef" />
    </UnitTest>
    <UnitTest name="RacePutAndRemoveRef" storage="microsoft.visualstudio.services.blobstore.server.l0.tests.dll" id="f3099256-bb2c-cc17-9f10-9e68cdcc0764">
      <Execution id="0e9fb0cc-7488-40cd-9c1d-6f4104c21178" />
      <TestMethod codeBase="Microsoft.VisualStudio.Services.BlobStore.Server.L0.Tests.dll" adapterTypeName="Microsoft.VisualStudio.TestTools.TestTypes.Unit.UnitTestAdapter" className="Microsoft.VisualStudio.Services.BlobStore.Server.L0.Tests.LiveAzureBlobBlobStoreServiceTestsBug2" name="RacePutAndRemoveRef" />
    </UnitTest>
    <UnitTest name="RacePutAndRemoveRef" storage="microsoft.visualstudio.services.blobstore.server.l0.tests.dll" id="d462c53a-1744-7cc3-ae07-8b374f7d0810">
      <Execution id="8a1e09a3-27c2-4cf4-a8d2-f4d896a9c31d" />
      <TestMethod codeBase="Microsoft.VisualStudio.Services.BlobStore.Server.L0.Tests.dll" adapterTypeName="Microsoft.VisualStudio.TestTools.TestTypes.Unit.UnitTestAdapter" className="Microsoft.VisualStudio.Services.BlobStore.Server.L0.Tests.LiveAzureBlobBlobStoreServiceTestsBug0" name="RacePutAndRemoveRef" />
    </UnitTest>
    <UnitTest name="RacePutAndRemoveRef" storage="microsoft.visualstudio.services.blobstore.server.l0.tests.dll" id="b8159cc6-344a-6c9e-23f9-3a418274c9a6">
      <Execution id="3b57db8b-9c99-4172-a5cc-63a7f7bbeca5" />
      <TestMethod codeBase="Microsoft.VisualStudio.Services.BlobStore.Server.L0.Tests.dll" adapterTypeName="Microsoft.VisualStudio.TestTools.TestTypes.Unit.UnitTestAdapter" className="Microsoft.VisualStudio.Services.BlobStore.Server.L0.Tests.LiveAzureBlobBlobStoreServiceTestsBug3" name="RacePutAndRemoveRef" />
    </UnitTest>
    <UnitTest name="RacePutAndRemoveRef" storage="microsoft.visualstudio.services.blobstore.server.l0.tests.dll" id="5fee29a3-664b-6067-26ff-9f54bbe7090e">
      <Execution id="cec8dc10-119e-4e92-98d6-ba0e804ac180" />
      <TestMethod codeBase="Microsoft.VisualStudio.Services.BlobStore.Server.L0.Tests.dll" adapterTypeName="Microsoft.VisualStudio.TestTools.TestTypes.Unit.UnitTestAdapter" className="Microsoft.VisualStudio.Services.BlobStore.Server.L0.Tests.LiveAzureBlobBlobStoreServiceTestsBug1" name="RacePutAndRemoveRef" />
    </UnitTest>
    <UnitTest name="RacePutAndRemoveRef" storage="microsoft.visualstudio.services.blobstore.server.l0.tests.dll" id="12481cf1-7455-4710-7a10-f1bb4f40b9ef">
      <Execution id="4c7fe8cb-7466-4ad7-8a1c-f3f97f535bfd" />
      <TestMethod codeBase="Microsoft.VisualStudio.Services.BlobStore.Server.L0.Tests.dll" adapterTypeName="Microsoft.VisualStudio.TestTools.TestTypes.Unit.UnitTestAdapter" className="Microsoft.VisualStudio.Services.BlobStore.Server.L0.Tests.LiveAzureBlobBlobStoreServiceTestsBug10" name="RacePutAndRemoveRef" />
    </UnitTest>
    <UnitTest name="RacePutAndRemoveRef" storage="microsoft.visualstudio.services.blobstore.server.l0.tests.dll" id="dc26e5ce-3411-c7c2-ecbc-fba46c19ac22">
      <Execution id="44afdff1-4f2b-4f9d-9421-1b29fa1547a1" />
      <TestMethod codeBase="Microsoft.VisualStudio.Services.BlobStore.Server.L0.Tests.dll" adapterTypeName="Microsoft.VisualStudio.TestTools.TestTypes.Unit.UnitTestAdapter" className="Microsoft.VisualStudio.Services.BlobStore.Server.L0.Tests.LiveAzureBlobBlobStoreServiceTestsBug6" name="RacePutAndRemoveRef" />
    </UnitTest>
    <UnitTest name="RacePutAndRemoveRef" storage="microsoft.visualstudio.services.blobstore.server.l0.tests.dll" id="c1e6b25f-25d9-cb6a-a208-ba8b01bd50a4">
      <Execution id="eafa9b6f-39f6-4b02-a8c9-b50df176bb53" />
      <TestMethod codeBase="Microsoft.VisualStudio.Services.BlobStore.Server.L0.Tests.dll" adapterTypeName="Microsoft.VisualStudio.TestTools.TestTypes.Unit.UnitTestAdapter" className="Microsoft.VisualStudio.Services.BlobStore.Server.L0.Tests.LiveAzureBlobBlobStoreServiceTestsBug9" name="RacePutAndRemoveRef" />
    </UnitTest>
    <UnitTest name="RacePutAndRemoveRef" storage="microsoft.visualstudio.services.blobstore.server.l0.tests.dll" id="6e56bd79-865d-64e1-19f0-a8f47910cbb7">
      <Execution id="246acdf8-1b09-4dcd-83b9-dd8be9d3d56a" />
      <TestMethod codeBase="Microsoft.VisualStudio.Services.BlobStore.Server.L0.Tests.dll" adapterTypeName="Microsoft.VisualStudio.TestTools.TestTypes.Unit.UnitTestAdapter" className="Microsoft.VisualStudio.Services.BlobStore.Server.L0.Tests.LiveAzureBlobBlobStoreServiceTestsBug7" name="RacePutAndRemoveRef" />
    </UnitTest>
    <UnitTest name="RacePutAndRemoveRef" storage="microsoft.visualstudio.services.blobstore.server.l0.tests.dll" id="7faa7f9b-4702-50c0-ff7b-491534a1aa22">
      <Execution id="f6520413-190c-4a44-98da-5abf35473f28" />
      <TestMethod codeBase="Microsoft.VisualStudio.Services.BlobStore.Server.L0.Tests.dll" adapterTypeName="Microsoft.VisualStudio.TestTools.TestTypes.Unit.UnitTestAdapter" className="Microsoft.VisualStudio.Services.BlobStore.Server.L0.Tests.LiveAzureBlobBlobStoreServiceTestsBug5" name="RacePutAndRemoveRef" />
    </UnitTest>
    <UnitTest name="RacePutAndRemoveRef" storage="microsoft.visualstudio.services.blobstore.server.l0.tests.dll" id="ee6f6197-8d67-150a-6767-af946a2ce1a4">
      <Execution id="7e9fae36-f78e-41e0-acf0-d37f7ef9ad63" />
      <TestMethod codeBase="Microsoft.VisualStudio.Services.BlobStore.Server.L0.Tests.dll" adapterTypeName="Microsoft.VisualStudio.TestTools.TestTypes.Unit.UnitTestAdapter" className="Microsoft.VisualStudio.Services.BlobStore.Server.L0.Tests.LiveAzureBlobBlobStoreServiceTestsBug8" name="RacePutAndRemoveRef" />
    </UnitTest>
    <UnitTest name="RacePutAndRemoveRef" storage="microsoft.visualstudio.services.blobstore.server.l0.tests.dll" id="443db2cd-c77d-3596-095d-d9bbfc4a7038">
      <Execution id="d7ffe32a-3f22-4340-8e6b-c0588da34c0f" />
      <TestMethod codeBase="Microsoft.VisualStudio.Services.BlobStore.Server.L0.Tests.dll" adapterTypeName="Microsoft.VisualStudio.TestTools.TestTypes.Unit.UnitTestAdapter" className="Microsoft.VisualStudio.Services.BlobStore.Server.L0.Tests.LiveAzureBlobBlobStoreServiceTestsBug11" name="RacePutAndRemoveRef" />
    </UnitTest>
    <UnitTest name="RacePutAndRemoveRef" storage="microsoft.visualstudio.services.blobstore.server.l0.tests.dll" id="e67cd4fb-2705-ba86-f550-699ae079a2b6">
      <Execution id="e9ae4aa9-7ed8-49aa-b56e-6c56f5a473c7" />
      <TestMethod codeBase="Microsoft.VisualStudio.Services.BlobStore.Server.L0.Tests.dll" adapterTypeName="Microsoft.VisualStudio.TestTools.TestTypes.Unit.UnitTestAdapter" className="Microsoft.VisualStudio.Services.BlobStore.Server.L0.Tests.LiveAzureBlobBlobStoreServiceTests" name="RacePutAndRemoveRef" />
    </UnitTest>
  </TestDefinitions>
  <TestEntries>
    <TestEntry testId="836b3c16-7665-2572-3f85-38231c175bff" executionId="2f4168d6-ccc1-4b76-8033-ce49f50135d0" testListId="8c84fa94-04c1-424b-9868-57a2d4851a1d" />
    <TestEntry testId="f3099256-bb2c-cc17-9f10-9e68cdcc0764" executionId="0e9fb0cc-7488-40cd-9c1d-6f4104c21178" testListId="8c84fa94-04c1-424b-9868-57a2d4851a1d" />
    <TestEntry testId="d462c53a-1744-7cc3-ae07-8b374f7d0810" executionId="8a1e09a3-27c2-4cf4-a8d2-f4d896a9c31d" testListId="8c84fa94-04c1-424b-9868-57a2d4851a1d" />
    <TestEntry testId="b8159cc6-344a-6c9e-23f9-3a418274c9a6" executionId="3b57db8b-9c99-4172-a5cc-63a7f7bbeca5" testListId="8c84fa94-04c1-424b-9868-57a2d4851a1d" />
    <TestEntry testId="5fee29a3-664b-6067-26ff-9f54bbe7090e" executionId="cec8dc10-119e-4e92-98d6-ba0e804ac180" testListId="8c84fa94-04c1-424b-9868-57a2d4851a1d" />
    <TestEntry testId="12481cf1-7455-4710-7a10-f1bb4f40b9ef" executionId="4c7fe8cb-7466-4ad7-8a1c-f3f97f535bfd" testListId="8c84fa94-04c1-424b-9868-57a2d4851a1d" />
    <TestEntry testId="dc26e5ce-3411-c7c2-ecbc-fba46c19ac22" executionId="44afdff1-4f2b-4f9d-9421-1b29fa1547a1" testListId="8c84fa94-04c1-424b-9868-57a2d4851a1d" />
    <TestEntry testId="c1e6b25f-25d9-cb6a-a208-ba8b01bd50a4" executionId="eafa9b6f-39f6-4b02-a8c9-b50df176bb53" testListId="8c84fa94-04c1-424b-9868-57a2d4851a1d" />
    <TestEntry testId="6e56bd79-865d-64e1-19f0-a8f47910cbb7" executionId="246acdf8-1b09-4dcd-83b9-dd8be9d3d56a" testListId="8c84fa94-04c1-424b-9868-57a2d4851a1d" />
    <TestEntry testId="7faa7f9b-4702-50c0-ff7b-491534a1aa22" executionId="f6520413-190c-4a44-98da-5abf35473f28" testListId="8c84fa94-04c1-424b-9868-57a2d4851a1d" />
    <TestEntry testId="ee6f6197-8d67-150a-6767-af946a2ce1a4" executionId="7e9fae36-f78e-41e0-acf0-d37f7ef9ad63" testListId="8c84fa94-04c1-424b-9868-57a2d4851a1d" />
    <TestEntry testId="443db2cd-c77d-3596-095d-d9bbfc4a7038" executionId="d7ffe32a-3f22-4340-8e6b-c0588da34c0f" testListId="8c84fa94-04c1-424b-9868-57a2d4851a1d" />
    <TestEntry testId="e67cd4fb-2705-ba86-f550-699ae079a2b6" executionId="e9ae4aa9-7ed8-49aa-b56e-6c56f5a473c7" testListId="8c84fa94-04c1-424b-9868-57a2d4851a1d" />
  </TestEntries>
  <TestLists>
    <TestList name="Results Not in a List" id="8c84fa94-04c1-424b-9868-57a2d4851a1d" />
    <TestList name="All Loaded Results" id="19431567-8539-422a-85d7-44ee4e166bda" />
  </TestLists>
  <ResultSummary outcome="Completed">
    <Counters total="13" executed="13" passed="13" failed="0" error="0" timeout="0" aborted="0" inconclusive="0" passedButRunAborted="0" notRunnable="0" notExecuted="0" disconnected="0" warning="0" completed="0" inProgress="0" pending="0" />
    <RunInfos>
      <RunInfo computerName="JERICK-DEBUG" outcome="Warning" timestamp="2015-09-20T02:52:46.8234771-07:00">
        <Text>Warning: Test Run deployment issue: The assembly or module 'System.Web.WebPages' directly or indirectly referenced by the test container 'D:\src\Artifact2\bin\Debug.AnyCPU\BlobStore.Service.L0\MS.VS.Services.BlobStore.Server.L0.Tests\microsoft.visualstudio.services.blobstore.server.l0.tests.dll' was not found.</Text>
      </RunInfo>
    </RunInfos>
  </ResultSummary>
</TestRun>